2021-12-31 17:43:03 <info> aaf73d30-6a15-11ec-a279-476f22e9f867 {
  request: {
    method: 'GET',
    path: '/users',
    cookie: undefined,
    body: {},
    url: '/users',
    query: {}
  }
} (in logger.ts:18)
2021-12-31 20:01:12 <info> f7a451a0-6a28-11ec-80b3-8d5f2d9d44be {
  request: {
    method: 'GET',
    path: '/users',
    cookie: undefined,
    body: {},
    url: '/users',
    query: {}
  }
} (in logger.ts:18)
2021-12-31 20:04:46 <info> 77285ca0-6a29-11ec-986a-7999fc48ac21 {
  request: {
    method: 'GET',
    path: '/users',
    cookie: undefined,
    body: {},
    url: '/users',
    query: {}
  }
} (in logger.ts:18)
2021-12-31 20:23:42 <info> 1c5dfe30-6a2c-11ec-b505-797f68683d2a {
  request: {
    method: 'GET',
    path: '/users',
    cookie: undefined,
    body: {},
    url: '/users',
    query: {}
  }
} (in logger.ts:18)
2021-12-31 21:10:33 <info> a760c9d0-6a32-11ec-9114-155f0535fabe {
  request: {
    method: 'GET',
    path: '/users',
    cookie: undefined,
    body: {},
    url: '/users',
    query: {}
  }
} (in logger.ts:18)
2021-12-31 21:11:23 <info> c5b89480-6a32-11ec-b210-07fcdb1afc48 {
  request: {
    method: 'GET',
    path: '/users',
    cookie: undefined,
    body: {},
    url: '/users',
    query: {}
  }
} (in logger.ts:18)
2021-12-31 21:11:37 <info> cd9c62d0-6a32-11ec-95fd-a58cb5599318 {
  request: {
    method: 'GET',
    path: '/users',
    cookie: undefined,
    body: {},
    url: '/users',
    query: {}
  }
} (in logger.ts:18)
2021-12-31 21:11:41 <info> d04785a0-6a32-11ec-95fd-a58cb5599318 {
  request: {
    method: 'GET',
    path: '/users',
    cookie: undefined,
    body: {},
    url: '/users',
    query: {}
  }
} (in logger.ts:18)
2021-12-31 21:14:09 <info> 283f82d0-6a33-11ec-a219-0b8210c5376c {
  request: {
    method: 'GET',
    path: '/users',
    cookie: undefined,
    body: {},
    url: '/users',
    query: {}
  }
} (in logger.ts:18)
2021-12-31 21:14:34 <info> 372a05e0-6a33-11ec-ac6e-1982e628ba60 {
  request: {
    method: 'GET',
    path: '/users',
    cookie: undefined,
    body: {},
    url: '/users',
    query: {}
  }
} (in logger.ts:18)
2021-12-31 21:16:33 <info> 7e086b00-6a33-11ec-a030-efaa71539791 {
  request: {
    method: 'GET',
    path: '/users',
    cookie: undefined,
    body: {},
    url: '/users',
    query: {}
  }
} (in logger.ts:18)
2021-12-31 21:17:07 <info> 927a2ec0-6a33-11ec-ba46-611de8f90faf {
  request: {
    method: 'GET',
    path: '/users',
    cookie: undefined,
    body: {},
    url: '/users',
    query: {}
  }
} (in logger.ts:18)
2021-12-31 21:17:39 <info> a570eb40-6a33-11ec-9902-e3a120710ed5 {
  request: {
    method: 'GET',
    path: '/users',
    cookie: undefined,
    body: {},
    url: '/users',
    query: {}
  }
} (in logger.ts:18)
2021-12-31 21:30:30 <info> 7146f790-6a35-11ec-b5e2-ab8c0d7e7f7d {
  request: {
    method: 'GET',
    path: '/users',
    cookie: undefined,
    body: {},
    url: '/users',
    query: {}
  }
} (in logger.ts:18)
2021-12-31 21:30:30 <info> 7163a750-6a35-11ec-b5e2-ab8c0d7e7f7d {
  request: {
    method: 'GET',
    path: '/users',
    cookie: undefined,
    body: {},
    url: '/users',
    query: {}
  }
} (in logger.ts:18)
2021-12-31 21:30:31 <info> 71f33d20-6a35-11ec-b5e2-ab8c0d7e7f7d {
  request: {
    method: 'GET',
    path: '/users',
    cookie: undefined,
    body: {},
    url: '/users',
    query: {}
  }
} (in logger.ts:18)
2021-12-31 21:31:44 <info> 9d3a5720-6a35-11ec-8380-516667e0b94d {
  request: {
    method: 'GET',
    path: '/users',
    cookie: undefined,
    body: {},
    url: '/users',
    query: {}
  }
} (in logger.ts:18)
2021-12-31 21:48:22 <info> f00c82a0-6a37-11ec-b182-273e855ceeba {
  request: {
    method: 'GET',
    path: '/users',
    cookie: undefined,
    body: {},
    url: '/users',
    query: {}
  }
} (in logger.ts:18)
2021-12-31 21:50:52 <info> 494d0560-6a38-11ec-88ca-0d39cf6648b5 {
  request: {
    method: 'GET',
    path: '/users',
    cookie: undefined,
    body: {},
    url: '/users',
    query: {}
  }
} (in logger.ts:18)
2021-12-31 21:51:59 <info> 71691e30-6a38-11ec-94de-1718e375fe40 {
  request: {
    method: 'GET',
    path: '/users',
    cookie: undefined,
    body: {},
    url: '/users',
    query: {}
  }
} (in logger.ts:18)
2021-12-31 21:52:14 <info> 7a59c8a0-6a38-11ec-94de-1718e375fe40 {
  request: {
    method: 'GET',
    path: '/users',
    cookie: undefined,
    body: {},
    url: '/users',
    query: {}
  }
} (in logger.ts:18)
2021-12-31 21:52:45 <info> 8cce0eb0-6a38-11ec-bacd-a38bafe667e0 {
  request: {
    method: 'GET',
    path: '/users',
    cookie: undefined,
    body: {},
    url: '/users',
    query: {}
  }
} (in logger.ts:18)
2021-12-31 21:52:51 <info> 903ea460-6a38-11ec-bacd-a38bafe667e0 {
  request: {
    method: 'GET',
    path: '/users/login',
    cookie: undefined,
    body: {},
    url: '/users/login?',
    query: {}
  }
} (in logger.ts:18)
2021-12-31 21:53:13 <info> 9d4b3fb0-6a38-11ec-bacd-a38bafe667e0 {
  request: {
    method: 'GET',
    path: '/users/login/callback',
    cookie: undefined,
    body: {},
    url: '/users/login/callback?code=4fb06098ae04e86ce6705ff5abc467ceb5b2a0452096716e3a6631da3c31f820',
    query: {
      code: '4fb06098ae04e86ce6705ff5abc467ceb5b2a0452096716e3a6631da3c31f820'
    }
  }
} (in logger.ts:18)
2021-12-31 21:53:16 <info> 9f320110-6a38-11ec-bacd-a38bafe667e0 {
  request: {
    method: 'GET',
    path: '/users/regist',
    cookie: 'user=eyJhbGciOiJIUzI1NiIsInR5cCI6IkpXVCJ9.eyJ1c2VybmFtZSI6ImV1aG9uZyIsImlhdCI6MTY0MDk1NTE5NiwiZXhwIjoxNjQxNTU5OTk2fQ.R5SstQTRFzBrde1Kzgh6KlkJH3hqhvSAkupSp55S-8U',
    body: {},
    url: '/users/regist',
    query: {}
  }
} (in logger.ts:18)
2021-12-31 21:53:21 <info> a23d1e30-6a38-11ec-bacd-a38bafe667e0 {
  request: {
    method: 'POST',
    path: '/users/regist',
    cookie: 'user=eyJhbGciOiJIUzI1NiIsInR5cCI6IkpXVCJ9.eyJ1c2VybmFtZSI6ImV1aG9uZyIsImlhdCI6MTY0MDk1NTE5NiwiZXhwIjoxNjQxNTU5OTk2fQ.R5SstQTRFzBrde1Kzgh6KlkJH3hqhvSAkupSp55S-8U',
    body: [Object: null prototype] { card_num: '42' },
    url: '/users/regist',
    query: {}
  }
} (in logger.ts:18)
2021-12-31 21:55:07 <info> e1577200-6a38-11ec-b1a6-af03a549f0fe {
  request: {
    method: 'GET',
    path: '/users',
    cookie: 'user=eyJhbGciOiJIUzI1NiIsInR5cCI6IkpXVCJ9.eyJ1c2VybmFtZSI6ImV1aG9uZyIsImlhdCI6MTY0MDk1NTE5NiwiZXhwIjoxNjQxNTU5OTk2fQ.R5SstQTRFzBrde1Kzgh6KlkJH3hqhvSAkupSp55S-8U',
    body: {},
    url: '/users',
    query: {}
  }
} (in logger.ts:18)
2021-12-31 21:55:08 <info> e219b090-6a38-11ec-b1a6-af03a549f0fe {
  request: {
    method: 'GET',
    path: '/users/login',
    cookie: 'user=eyJhbGciOiJIUzI1NiIsInR5cCI6IkpXVCJ9.eyJ1c2VybmFtZSI6ImV1aG9uZyIsImlhdCI6MTY0MDk1NTE5NiwiZXhwIjoxNjQxNTU5OTk2fQ.R5SstQTRFzBrde1Kzgh6KlkJH3hqhvSAkupSp55S-8U',
    body: {},
    url: '/users/login?',
    query: {}
  }
} (in logger.ts:18)
2021-12-31 21:55:08 <info> e24c5950-6a38-11ec-b1a6-af03a549f0fe {
  request: {
    method: 'GET',
    path: '/users/login/callback',
    cookie: 'user=eyJhbGciOiJIUzI1NiIsInR5cCI6IkpXVCJ9.eyJ1c2VybmFtZSI6ImV1aG9uZyIsImlhdCI6MTY0MDk1NTE5NiwiZXhwIjoxNjQxNTU5OTk2fQ.R5SstQTRFzBrde1Kzgh6KlkJH3hqhvSAkupSp55S-8U',
    body: {},
    url: '/users/login/callback?code=61a9e259f6f3ff0e659d020abf56bd473953f9ca823cff775d069d440cdf7796',
    query: {
      code: '61a9e259f6f3ff0e659d020abf56bd473953f9ca823cff775d069d440cdf7796'
    }
  }
} (in logger.ts:18)
2021-12-31 21:55:11 <info> e3b5ad50-6a38-11ec-b1a6-af03a549f0fe {
  request: {
    method: 'GET',
    path: '/users/regist',
    cookie: 'user=eyJhbGciOiJIUzI1NiIsInR5cCI6IkpXVCJ9.eyJ1c2VybmFtZSI6ImV1aG9uZyIsImlhdCI6MTY0MDk1NTMxMSwiZXhwIjoxNjQxNTYwMTExfQ.E88m2kczvgDQdvsAbgBuOcbXkT2ziR9XpePPE5fCtuA',
    body: {},
    url: '/users/regist',
    query: {}
  }
} (in logger.ts:18)
2021-12-31 21:55:14 <info> e5a4fa30-6a38-11ec-b1a6-af03a549f0fe {
  request: {
    method: 'POST',
    path: '/users/regist',
    cookie: 'user=eyJhbGciOiJIUzI1NiIsInR5cCI6IkpXVCJ9.eyJ1c2VybmFtZSI6ImV1aG9uZyIsImlhdCI6MTY0MDk1NTMxMSwiZXhwIjoxNjQxNTYwMTExfQ.E88m2kczvgDQdvsAbgBuOcbXkT2ziR9XpePPE5fCtuA',
    body: [Object: null prototype] { card_num: '31' },
    url: '/users/regist',
    query: {}
  }
} (in logger.ts:18)
