2022-01-02 02:17:11 <info> a83d4640-6b26-11ec-b054-bfddba63cc88 {
  request: {
    method: 'GET',
    path: '/users',
    cookie: undefined,
    body: {},
    url: '/users',
    query: {}
  }
} (in logger.ts:18)
2022-01-02 02:17:13 <info> a96105c0-6b26-11ec-b054-bfddba63cc88 {
  request: {
    method: 'GET',
    path: '/users/login',
    cookie: undefined,
    body: {},
    url: '/users/login?',
    query: {}
  }
} (in logger.ts:18)
2022-01-02 02:17:14 <info> a9b678c0-6b26-11ec-b054-bfddba63cc88 {
  request: {
    method: 'GET',
    path: '/users/login/callback',
    cookie: undefined,
    body: {},
    url: '/users/login/callback?code=a194f7a2eba35a30228af9168a862b4e32bdc00ab5349320f2c7b5e37210d69b',
    query: {
      code: 'a194f7a2eba35a30228af9168a862b4e32bdc00ab5349320f2c7b5e37210d69b'
    }
  }
} (in logger.ts:18)
2022-01-02 02:17:16 <info> ab40c240-6b26-11ec-b054-bfddba63cc88 {
  request: {
    method: 'GET',
    path: '/users/regist',
    cookie: 'user=eyJhbGciOiJIUzI1NiIsInR5cCI6IkpXVCJ9.eyJ1c2VybmFtZSI6ImV1aG9uZyIsImlhdCI6MTY0MTA1NzQzNiwiZXhwIjoxNjQxNjYyMjM2fQ.44gzbkWBV319fAALorplipT_befDHA_lN6Q2-Vl3088',
    body: {},
    url: '/users/regist',
    query: {}
  }
} (in logger.ts:18)
2022-01-02 02:17:27 <info> b195da40-6b26-11ec-b054-bfddba63cc88 {
  request: {
    method: 'POST',
    path: '/users/regist',
    cookie: 'user=eyJhbGciOiJIUzI1NiIsInR5cCI6IkpXVCJ9.eyJ1c2VybmFtZSI6ImV1aG9uZyIsImlhdCI6MTY0MTA1NzQzNiwiZXhwIjoxNjQxNjYyMjM2fQ.44gzbkWBV319fAALorplipT_befDHA_lN6Q2-Vl3088',
    body: [Object: null prototype] { card_num: '12' },
    url: '/users/regist',
    query: {}
  }
} (in logger.ts:18)
2022-01-02 02:17:29 <info> b2a0e1a0-6b26-11ec-b054-bfddba63cc88 {
  request: {
    method: 'GET',
    path: '/users/show',
    cookie: 'user=eyJhbGciOiJIUzI1NiIsInR5cCI6IkpXVCJ9.eyJ1c2VybmFtZSI6ImV1aG9uZyIsImlhdCI6MTY0MTA1NzQzNiwiZXhwIjoxNjQxNjYyMjM2fQ.44gzbkWBV319fAALorplipT_befDHA_lN6Q2-Vl3088',
    body: {},
    url: '/users/show',
    query: {}
  }
} (in logger.ts:18)
2022-01-02 02:30:27 <info> 825bf050-6b28-11ec-ac01-a5faaff7b9bb {
  request: {
    method: 'GET',
    path: '/users',
    cookie: undefined,
    body: {},
    url: '/users',
    query: {}
  }
} (in logger.ts:18)
2022-01-02 02:30:30 <info> 8467c5e0-6b28-11ec-ac01-a5faaff7b9bb {
  request: {
    method: 'GET',
    path: '/users/login',
    cookie: undefined,
    body: {},
    url: '/users/login?',
    query: {}
  }
} (in logger.ts:18)
2022-01-02 02:30:31 <info> 84e27420-6b28-11ec-ac01-a5faaff7b9bb {
  request: {
    method: 'GET',
    path: '/users/login/callback',
    cookie: undefined,
    body: {},
    url: '/users/login/callback?code=e2648a74ef715109b22392a6ee2449f79446da9bd6e2379d0bfbcdb5c36a6bee',
    query: {
      code: 'e2648a74ef715109b22392a6ee2449f79446da9bd6e2379d0bfbcdb5c36a6bee'
    }
  }
} (in logger.ts:18)
2022-01-02 02:30:34 <info> 86c60130-6b28-11ec-ac01-a5faaff7b9bb {
  request: {
    method: 'GET',
    path: '/users/regist',
    cookie: 'user=eyJhbGciOiJIUzI1NiIsInR5cCI6IkpXVCJ9.eyJ1c2VybmFtZSI6ImV1aG9uZyIsImlhdCI6MTY0MTA1ODIzNCwiZXhwIjoxNjQxNjYzMDM0fQ.BA2yvmIL_DYuI4VmkGqauCNSw_rkLBgGWEAR3lSaXH4',
    body: {},
    url: '/users/regist',
    query: {}
  }
} (in logger.ts:18)
2022-01-02 02:31:17 <info> a06c51c0-6b28-11ec-ac01-a5faaff7b9bb {
  request: {
    method: 'POST',
    path: '/users/regist',
    cookie: 'user=eyJhbGciOiJIUzI1NiIsInR5cCI6IkpXVCJ9.eyJ1c2VybmFtZSI6ImV1aG9uZyIsImlhdCI6MTY0MTA1ODIzNCwiZXhwIjoxNjQxNjYzMDM0fQ.BA2yvmIL_DYuI4VmkGqauCNSw_rkLBgGWEAR3lSaXH4',
    body: [Object: null prototype] { card_num: '12' },
    url: '/users/regist',
    query: {}
  }
} (in logger.ts:18)
2022-01-02 02:31:19 <info> a17906d0-6b28-11ec-ac01-a5faaff7b9bb {
  request: {
    method: 'GET',
    path: '/users/show',
    cookie: 'user=eyJhbGciOiJIUzI1NiIsInR5cCI6IkpXVCJ9.eyJ1c2VybmFtZSI6ImV1aG9uZyIsImlhdCI6MTY0MTA1ODIzNCwiZXhwIjoxNjQxNjYzMDM0fQ.BA2yvmIL_DYuI4VmkGqauCNSw_rkLBgGWEAR3lSaXH4',
    body: {},
    url: '/users/show',
    query: {}
  }
} (in logger.ts:18)
2022-01-02 02:34:34 <info> 15a1f710-6b29-11ec-839c-9956f04012ea {
  request: {
    method: 'GET',
    path: '/users/login',
    cookie: 'user=eyJhbGciOiJIUzI1NiIsInR5cCI6IkpXVCJ9.eyJ1c2VybmFtZSI6ImV1aG9uZyIsImlhdCI6MTY0MTA1ODIzNCwiZXhwIjoxNjQxNjYzMDM0fQ.BA2yvmIL_DYuI4VmkGqauCNSw_rkLBgGWEAR3lSaXH4',
    body: {},
    url: '/users/login?',
    query: {}
  }
} (in logger.ts:18)
2022-01-02 02:34:35 <info> 162509c0-6b29-11ec-839c-9956f04012ea {
  request: {
    method: 'GET',
    path: '/users/login/callback',
    cookie: 'user=eyJhbGciOiJIUzI1NiIsInR5cCI6IkpXVCJ9.eyJ1c2VybmFtZSI6ImV1aG9uZyIsImlhdCI6MTY0MTA1ODIzNCwiZXhwIjoxNjQxNjYzMDM0fQ.BA2yvmIL_DYuI4VmkGqauCNSw_rkLBgGWEAR3lSaXH4',
    body: {},
    url: '/users/login/callback?code=55019de9ddebe6a90e245e0f059585b936fe8893555b5614d81faaea9ac1897d',
    query: {
      code: '55019de9ddebe6a90e245e0f059585b936fe8893555b5614d81faaea9ac1897d'
    }
  }
} (in logger.ts:18)
2022-01-02 02:34:37 <info> 17c6d2e0-6b29-11ec-839c-9956f04012ea {
  request: {
    method: 'GET',
    path: '/users/regist',
    cookie: 'user=eyJhbGciOiJIUzI1NiIsInR5cCI6IkpXVCJ9.eyJ1c2VybmFtZSI6ImV1aG9uZyIsImlhdCI6MTY0MTA1ODQ3NywiZXhwIjoxNjQxNjYzMjc3fQ.vqVTZhd94YdhmnUZG5q6Ec6b1HldEqdbFt6_max06us',
    body: {},
    url: '/users/regist',
    query: {}
  }
} (in logger.ts:18)
2022-01-02 02:34:41 <info> 19b164d0-6b29-11ec-839c-9956f04012ea {
  request: {
    method: 'POST',
    path: '/users/regist',
    cookie: 'user=eyJhbGciOiJIUzI1NiIsInR5cCI6IkpXVCJ9.eyJ1c2VybmFtZSI6ImV1aG9uZyIsImlhdCI6MTY0MTA1ODQ3NywiZXhwIjoxNjQxNjYzMjc3fQ.vqVTZhd94YdhmnUZG5q6Ec6b1HldEqdbFt6_max06us',
    body: [Object: null prototype] { card_num: '13' },
    url: '/users/regist',
    query: {}
  }
} (in logger.ts:18)
2022-01-02 02:34:42 <info> 1a7f1510-6b29-11ec-839c-9956f04012ea {
  request: {
    method: 'POST',
    path: '/users/regist',
    cookie: 'user=eyJhbGciOiJIUzI1NiIsInR5cCI6IkpXVCJ9.eyJ1c2VybmFtZSI6ImV1aG9uZyIsImlhdCI6MTY0MTA1ODQ3NywiZXhwIjoxNjQxNjYzMjc3fQ.vqVTZhd94YdhmnUZG5q6Ec6b1HldEqdbFt6_max06us',
    body: [Object: null prototype] { card_num: '13' },
    url: '/users/regist',
    query: {}
  }
} (in logger.ts:18)
2022-01-02 02:35:08 <info> 29fc1420-6b29-11ec-9ede-1f20a5119a1f {
  request: {
    method: 'GET',
    path: '/users',
    cookie: 'user=eyJhbGciOiJIUzI1NiIsInR5cCI6IkpXVCJ9.eyJ1c2VybmFtZSI6ImV1aG9uZyIsImlhdCI6MTY0MTA1ODQ3NywiZXhwIjoxNjQxNjYzMjc3fQ.vqVTZhd94YdhmnUZG5q6Ec6b1HldEqdbFt6_max06us',
    body: {},
    url: '/users',
    query: {}
  }
} (in logger.ts:18)
2022-01-02 02:35:09 <info> 2abf3d10-6b29-11ec-9ede-1f20a5119a1f {
  request: {
    method: 'GET',
    path: '/users/login',
    cookie: 'user=eyJhbGciOiJIUzI1NiIsInR5cCI6IkpXVCJ9.eyJ1c2VybmFtZSI6ImV1aG9uZyIsImlhdCI6MTY0MTA1ODQ3NywiZXhwIjoxNjQxNjYzMjc3fQ.vqVTZhd94YdhmnUZG5q6Ec6b1HldEqdbFt6_max06us',
    body: {},
    url: '/users/login?',
    query: {}
  }
} (in logger.ts:18)
2022-01-02 02:35:10 <info> 2af233f0-6b29-11ec-9ede-1f20a5119a1f {
  request: {
    method: 'GET',
    path: '/users/login/callback',
    cookie: 'user=eyJhbGciOiJIUzI1NiIsInR5cCI6IkpXVCJ9.eyJ1c2VybmFtZSI6ImV1aG9uZyIsImlhdCI6MTY0MTA1ODQ3NywiZXhwIjoxNjQxNjYzMjc3fQ.vqVTZhd94YdhmnUZG5q6Ec6b1HldEqdbFt6_max06us',
    body: {},
    url: '/users/login/callback?code=a5421fedf8045abdc4f12df6626d4950cf7e900d25fedabc1fdb7f80df5e85b0',
    query: {
      code: 'a5421fedf8045abdc4f12df6626d4950cf7e900d25fedabc1fdb7f80df5e85b0'
    }
  }
} (in logger.ts:18)
2022-01-02 02:35:12 <info> 2c7be130-6b29-11ec-9ede-1f20a5119a1f {
  request: {
    method: 'GET',
    path: '/users/regist',
    cookie: 'user=eyJhbGciOiJIUzI1NiIsInR5cCI6IkpXVCJ9.eyJ1c2VybmFtZSI6ImV1aG9uZyIsImlhdCI6MTY0MTA1ODUxMiwiZXhwIjoxNjQxNjYzMzEyfQ.DxS9mN5Nqgw-boJ72ZfNQ6983lD88Strksiu5c4E9Ak',
    body: {},
    url: '/users/regist',
    query: {}
  }
} (in logger.ts:18)
2022-01-02 02:35:15 <info> 2df6e870-6b29-11ec-9ede-1f20a5119a1f {
  request: {
    method: 'POST',
    path: '/users/regist',
    cookie: 'user=eyJhbGciOiJIUzI1NiIsInR5cCI6IkpXVCJ9.eyJ1c2VybmFtZSI6ImV1aG9uZyIsImlhdCI6MTY0MTA1ODUxMiwiZXhwIjoxNjQxNjYzMzEyfQ.DxS9mN5Nqgw-boJ72ZfNQ6983lD88Strksiu5c4E9Ak',
    body: [Object: null prototype] { card_num: '13' },
    url: '/users/regist',
    query: {}
  }
} (in logger.ts:18)
2022-01-02 02:35:33 <info> 391659c0-6b29-11ec-a165-5361c2487766 {
  request: {
    method: 'GET',
    path: '/users',
    cookie: 'user=eyJhbGciOiJIUzI1NiIsInR5cCI6IkpXVCJ9.eyJ1c2VybmFtZSI6ImV1aG9uZyIsImlhdCI6MTY0MTA1ODUxMiwiZXhwIjoxNjQxNjYzMzEyfQ.DxS9mN5Nqgw-boJ72ZfNQ6983lD88Strksiu5c4E9Ak',
    body: {},
    url: '/users',
    query: {}
  }
} (in logger.ts:18)
2022-01-02 02:35:35 <info> 39eda6f0-6b29-11ec-a165-5361c2487766 {
  request: {
    method: 'GET',
    path: '/users/login',
    cookie: 'user=eyJhbGciOiJIUzI1NiIsInR5cCI6IkpXVCJ9.eyJ1c2VybmFtZSI6ImV1aG9uZyIsImlhdCI6MTY0MTA1ODUxMiwiZXhwIjoxNjQxNjYzMzEyfQ.DxS9mN5Nqgw-boJ72ZfNQ6983lD88Strksiu5c4E9Ak',
    body: {},
    url: '/users/login?',
    query: {}
  }
} (in logger.ts:18)
2022-01-02 02:35:35 <info> 3a1af880-6b29-11ec-a165-5361c2487766 {
  request: {
    method: 'GET',
    path: '/users/login/callback',
    cookie: 'user=eyJhbGciOiJIUzI1NiIsInR5cCI6IkpXVCJ9.eyJ1c2VybmFtZSI6ImV1aG9uZyIsImlhdCI6MTY0MTA1ODUxMiwiZXhwIjoxNjQxNjYzMzEyfQ.DxS9mN5Nqgw-boJ72ZfNQ6983lD88Strksiu5c4E9Ak',
    body: {},
    url: '/users/login/callback?code=3a7157393d85f439b220a6cadeefc0585a415ab4951ba442165d8a4e63219876',
    query: {
      code: '3a7157393d85f439b220a6cadeefc0585a415ab4951ba442165d8a4e63219876'
    }
  }
} (in logger.ts:18)
2022-01-02 02:35:37 <info> 3b99a940-6b29-11ec-a165-5361c2487766 {
  request: {
    method: 'GET',
    path: '/users/regist',
    cookie: 'user=eyJhbGciOiJIUzI1NiIsInR5cCI6IkpXVCJ9.eyJ1c2VybmFtZSI6ImV1aG9uZyIsImlhdCI6MTY0MTA1ODUzNywiZXhwIjoxNjQxNjYzMzM3fQ.lm_5sBh14pzNZ-cAdqCLwQzdbWoo8Ozj_kVJF_ONiqk',
    body: {},
    url: '/users/regist',
    query: {}
  }
} (in logger.ts:18)
2022-01-02 02:35:39 <info> 3c9dd2d0-6b29-11ec-a165-5361c2487766 {
  request: {
    method: 'POST',
    path: '/users/regist',
    cookie: 'user=eyJhbGciOiJIUzI1NiIsInR5cCI6IkpXVCJ9.eyJ1c2VybmFtZSI6ImV1aG9uZyIsImlhdCI6MTY0MTA1ODUzNywiZXhwIjoxNjQxNjYzMzM3fQ.lm_5sBh14pzNZ-cAdqCLwQzdbWoo8Ozj_kVJF_ONiqk',
    body: [Object: null prototype] { card_num: '13' },
    url: '/users/regist',
    query: {}
  }
} (in logger.ts:18)
2022-01-02 02:35:59 <info> 48a84060-6b29-11ec-9548-7f92955a0bff {
  request: {
    method: 'GET',
    path: '/users/show',
    cookie: 'user=eyJhbGciOiJIUzI1NiIsInR5cCI6IkpXVCJ9.eyJ1c2VybmFtZSI6ImV1aG9uZyIsImlhdCI6MTY0MTA1ODUzNywiZXhwIjoxNjQxNjYzMzM3fQ.lm_5sBh14pzNZ-cAdqCLwQzdbWoo8Ozj_kVJF_ONiqk',
    body: {},
    url: '/users/show',
    query: {}
  }
} (in logger.ts:18)
2022-01-02 02:36:04 <info> 4b7cbd20-6b29-11ec-9548-7f92955a0bff {
  request: {
    method: 'GET',
    path: '/users',
    cookie: 'user=eyJhbGciOiJIUzI1NiIsInR5cCI6IkpXVCJ9.eyJ1c2VybmFtZSI6ImV1aG9uZyIsImlhdCI6MTY0MTA1ODUzNywiZXhwIjoxNjQxNjYzMzM3fQ.lm_5sBh14pzNZ-cAdqCLwQzdbWoo8Ozj_kVJF_ONiqk',
    body: {},
    url: '/users',
    query: {}
  }
} (in logger.ts:18)
2022-01-02 02:36:05 <info> 4c200200-6b29-11ec-9548-7f92955a0bff {
  request: {
    method: 'GET',
    path: '/users/login',
    cookie: 'user=eyJhbGciOiJIUzI1NiIsInR5cCI6IkpXVCJ9.eyJ1c2VybmFtZSI6ImV1aG9uZyIsImlhdCI6MTY0MTA1ODUzNywiZXhwIjoxNjQxNjYzMzM3fQ.lm_5sBh14pzNZ-cAdqCLwQzdbWoo8Ozj_kVJF_ONiqk',
    body: {},
    url: '/users/login?',
    query: {}
  }
} (in logger.ts:18)
2022-01-02 02:36:06 <info> 4c562d30-6b29-11ec-9548-7f92955a0bff {
  request: {
    method: 'GET',
    path: '/users/login/callback',
    cookie: 'user=eyJhbGciOiJIUzI1NiIsInR5cCI6IkpXVCJ9.eyJ1c2VybmFtZSI6ImV1aG9uZyIsImlhdCI6MTY0MTA1ODUzNywiZXhwIjoxNjQxNjYzMzM3fQ.lm_5sBh14pzNZ-cAdqCLwQzdbWoo8Ozj_kVJF_ONiqk',
    body: {},
    url: '/users/login/callback?code=0065695807df51c83f340f6baeae3fdbff0c1bbabefc4b86bf8c5117449c9bcf',
    query: {
      code: '0065695807df51c83f340f6baeae3fdbff0c1bbabefc4b86bf8c5117449c9bcf'
    }
  }
} (in logger.ts:18)
2022-01-02 02:36:08 <info> 4de1d640-6b29-11ec-9548-7f92955a0bff {
  request: {
    method: 'GET',
    path: '/users/regist',
    cookie: 'user=eyJhbGciOiJIUzI1NiIsInR5cCI6IkpXVCJ9.eyJ1c2VybmFtZSI6ImV1aG9uZyIsImlhdCI6MTY0MTA1ODU2OCwiZXhwIjoxNjQxNjYzMzY4fQ.iiVO-ixt24hcWQqzl3mWiLbZ-RZ2QEQ5XfKckj8FiNE',
    body: {},
    url: '/users/regist',
    query: {}
  }
} (in logger.ts:18)
2022-01-02 02:36:10 <info> 4f0dac10-6b29-11ec-9548-7f92955a0bff {
  request: {
    method: 'POST',
    path: '/users/regist',
    cookie: 'user=eyJhbGciOiJIUzI1NiIsInR5cCI6IkpXVCJ9.eyJ1c2VybmFtZSI6ImV1aG9uZyIsImlhdCI6MTY0MTA1ODU2OCwiZXhwIjoxNjQxNjYzMzY4fQ.iiVO-ixt24hcWQqzl3mWiLbZ-RZ2QEQ5XfKckj8FiNE',
    body: [Object: null prototype] { card_num: '13' },
    url: '/users/regist',
    query: {}
  }
} (in logger.ts:18)
2022-01-02 02:36:59 <info> 6bf17460-6b29-11ec-9a2b-3b78303c280c {
  request: {
    method: 'GET',
    path: '/users',
    cookie: 'user=eyJhbGciOiJIUzI1NiIsInR5cCI6IkpXVCJ9.eyJ1c2VybmFtZSI6ImV1aG9uZyIsImlhdCI6MTY0MTA1ODU2OCwiZXhwIjoxNjQxNjYzMzY4fQ.iiVO-ixt24hcWQqzl3mWiLbZ-RZ2QEQ5XfKckj8FiNE',
    body: {},
    url: '/users',
    query: {}
  }
} (in logger.ts:18)
2022-01-02 02:37:00 <info> 6cb0ccc0-6b29-11ec-9a2b-3b78303c280c {
  request: {
    method: 'GET',
    path: '/users/login',
    cookie: 'user=eyJhbGciOiJIUzI1NiIsInR5cCI6IkpXVCJ9.eyJ1c2VybmFtZSI6ImV1aG9uZyIsImlhdCI6MTY0MTA1ODU2OCwiZXhwIjoxNjQxNjYzMzY4fQ.iiVO-ixt24hcWQqzl3mWiLbZ-RZ2QEQ5XfKckj8FiNE',
    body: {},
    url: '/users/login?',
    query: {}
  }
} (in logger.ts:18)
2022-01-02 02:37:00 <info> 6cde9380-6b29-11ec-9a2b-3b78303c280c {
  request: {
    method: 'GET',
    path: '/users/login/callback',
    cookie: 'user=eyJhbGciOiJIUzI1NiIsInR5cCI6IkpXVCJ9.eyJ1c2VybmFtZSI6ImV1aG9uZyIsImlhdCI6MTY0MTA1ODU2OCwiZXhwIjoxNjQxNjYzMzY4fQ.iiVO-ixt24hcWQqzl3mWiLbZ-RZ2QEQ5XfKckj8FiNE',
    body: {},
    url: '/users/login/callback?code=9b202416b74909c2925b6eaed233d8dda1b1b32430c87b8ec1ddc3dc892facc4',
    query: {
      code: '9b202416b74909c2925b6eaed233d8dda1b1b32430c87b8ec1ddc3dc892facc4'
    }
  }
} (in logger.ts:18)
2022-01-02 02:37:03 <info> 6ea87e10-6b29-11ec-9a2b-3b78303c280c {
  request: {
    method: 'GET',
    path: '/users/regist',
    cookie: 'user=eyJhbGciOiJIUzI1NiIsInR5cCI6IkpXVCJ9.eyJ1c2VybmFtZSI6ImV1aG9uZyIsImlhdCI6MTY0MTA1ODYyMywiZXhwIjoxNjQxNjYzNDIzfQ.kNTRzZTnShgnp7iNyqIFN0G-HFabEeBjcHgGx71IEvE',
    body: {},
    url: '/users/regist',
    query: {}
  }
} (in logger.ts:18)
2022-01-02 02:37:05 <info> 6ffc0020-6b29-11ec-9a2b-3b78303c280c {
  request: {
    method: 'POST',
    path: '/users/regist',
    cookie: 'user=eyJhbGciOiJIUzI1NiIsInR5cCI6IkpXVCJ9.eyJ1c2VybmFtZSI6ImV1aG9uZyIsImlhdCI6MTY0MTA1ODYyMywiZXhwIjoxNjQxNjYzNDIzfQ.kNTRzZTnShgnp7iNyqIFN0G-HFabEeBjcHgGx71IEvE',
    body: [Object: null prototype] { card_num: '2423' },
    url: '/users/regist',
    query: {}
  }
} (in logger.ts:18)
2022-01-02 02:37:28 <info> 7db61980-6b29-11ec-a89e-8351faf93dc7 {
  request: {
    method: 'GET',
    path: '/users',
    cookie: 'user=eyJhbGciOiJIUzI1NiIsInR5cCI6IkpXVCJ9.eyJ1c2VybmFtZSI6ImV1aG9uZyIsImlhdCI6MTY0MTA1ODYyMywiZXhwIjoxNjQxNjYzNDIzfQ.kNTRzZTnShgnp7iNyqIFN0G-HFabEeBjcHgGx71IEvE',
    body: {},
    url: '/users',
    query: {}
  }
} (in logger.ts:18)
2022-01-02 02:37:30 <info> 7eab27e0-6b29-11ec-a89e-8351faf93dc7 {
  request: {
    method: 'GET',
    path: '/users/login',
    cookie: 'user=eyJhbGciOiJIUzI1NiIsInR5cCI6IkpXVCJ9.eyJ1c2VybmFtZSI6ImV1aG9uZyIsImlhdCI6MTY0MTA1ODYyMywiZXhwIjoxNjQxNjYzNDIzfQ.kNTRzZTnShgnp7iNyqIFN0G-HFabEeBjcHgGx71IEvE',
    body: {},
    url: '/users/login?',
    query: {}
  }
} (in logger.ts:18)
2022-01-02 02:37:30 <info> 7edfa560-6b29-11ec-a89e-8351faf93dc7 {
  request: {
    method: 'GET',
    path: '/users/login/callback',
    cookie: 'user=eyJhbGciOiJIUzI1NiIsInR5cCI6IkpXVCJ9.eyJ1c2VybmFtZSI6ImV1aG9uZyIsImlhdCI6MTY0MTA1ODYyMywiZXhwIjoxNjQxNjYzNDIzfQ.kNTRzZTnShgnp7iNyqIFN0G-HFabEeBjcHgGx71IEvE',
    body: {},
    url: '/users/login/callback?code=9f430e8e8a072d10e432759a630a5d183a1cd477148ff4293d42af712c533995',
    query: {
      code: '9f430e8e8a072d10e432759a630a5d183a1cd477148ff4293d42af712c533995'
    }
  }
} (in logger.ts:18)
2022-01-02 02:37:33 <info> 804a58f0-6b29-11ec-a89e-8351faf93dc7 {
  request: {
    method: 'GET',
    path: '/users/regist',
    cookie: 'user=eyJhbGciOiJIUzI1NiIsInR5cCI6IkpXVCJ9.eyJ1c2VybmFtZSI6ImV1aG9uZyIsImlhdCI6MTY0MTA1ODY1MywiZXhwIjoxNjQxNjYzNDUzfQ.mcWezLKFwNBisdkOVNwpsQKANeHplhNsKcdzla23wew',
    body: {},
    url: '/users/regist',
    query: {}
  }
} (in logger.ts:18)
2022-01-02 02:37:37 <info> 82cd0c30-6b29-11ec-a89e-8351faf93dc7 {
  request: {
    method: 'POST',
    path: '/users/regist',
    cookie: 'user=eyJhbGciOiJIUzI1NiIsInR5cCI6IkpXVCJ9.eyJ1c2VybmFtZSI6ImV1aG9uZyIsImlhdCI6MTY0MTA1ODY1MywiZXhwIjoxNjQxNjYzNDUzfQ.mcWezLKFwNBisdkOVNwpsQKANeHplhNsKcdzla23wew',
    body: [Object: null prototype] { card_num: '13' },
    url: '/users/regist',
    query: {}
  }
} (in logger.ts:18)
2022-01-02 02:37:38 <info> 83a4a780-6b29-11ec-a89e-8351faf93dc7 {
  request: {
    method: 'GET',
    path: '/users/regist',
    cookie: 'user=eyJhbGciOiJIUzI1NiIsInR5cCI6IkpXVCJ9.eyJ1c2VybmFtZSI6ImV1aG9uZyIsImlhdCI6MTY0MTA1ODY1MywiZXhwIjoxNjQxNjYzNDUzfQ.mcWezLKFwNBisdkOVNwpsQKANeHplhNsKcdzla23wew',
    body: {},
    url: '/users/regist',
    query: {}
  }
} (in logger.ts:18)
2022-01-02 02:37:40 <info> 84912a60-6b29-11ec-a89e-8351faf93dc7 {
  request: {
    method: 'POST',
    path: '/users/regist',
    cookie: 'user=eyJhbGciOiJIUzI1NiIsInR5cCI6IkpXVCJ9.eyJ1c2VybmFtZSI6ImV1aG9uZyIsImlhdCI6MTY0MTA1ODY1MywiZXhwIjoxNjQxNjYzNDUzfQ.mcWezLKFwNBisdkOVNwpsQKANeHplhNsKcdzla23wew',
    body: [Object: null prototype] { card_num: '12' },
    url: '/users/regist',
    query: {}
  }
} (in logger.ts:18)
2022-01-02 02:37:41 <info> 854b0480-6b29-11ec-a89e-8351faf93dc7 {
  request: {
    method: 'GET',
    path: '/users/regist',
    cookie: 'user=eyJhbGciOiJIUzI1NiIsInR5cCI6IkpXVCJ9.eyJ1c2VybmFtZSI6ImV1aG9uZyIsImlhdCI6MTY0MTA1ODY1MywiZXhwIjoxNjQxNjYzNDUzfQ.mcWezLKFwNBisdkOVNwpsQKANeHplhNsKcdzla23wew',
    body: {},
    url: '/users/regist',
    query: {}
  }
} (in logger.ts:18)
2022-01-02 14:14:31 <info> dde34240-6b8a-11ec-9bb6-b3a6559f5ff1 {
  request: {
    method: 'GET',
    path: '/users',
    cookie: undefined,
    body: {},
    url: '/users',
    query: {}
  }
} (in logger.ts:18)
2022-01-02 14:14:34 <info> dfffe0b0-6b8a-11ec-9bb6-b3a6559f5ff1 {
  request: {
    method: 'GET',
    path: '/users/login',
    cookie: undefined,
    body: {},
    url: '/users/login?',
    query: {}
  }
} (in logger.ts:18)
2022-01-02 14:14:35 <info> e07dea50-6b8a-11ec-9bb6-b3a6559f5ff1 {
  request: {
    method: 'GET',
    path: '/users/login/callback',
    cookie: undefined,
    body: {},
    url: '/users/login/callback?code=96b5d5f7f5aaa5f60525eee8a26bee69b681920bc43acf16c526a04c2bf5ae89',
    query: {
      code: '96b5d5f7f5aaa5f60525eee8a26bee69b681920bc43acf16c526a04c2bf5ae89'
    }
  }
} (in logger.ts:18)
2022-01-02 14:14:38 <info> e2299e80-6b8a-11ec-9bb6-b3a6559f5ff1 {
  request: {
    method: 'GET',
    path: '/users/regist',
    cookie: 'user=eyJhbGciOiJIUzI1NiIsInR5cCI6IkpXVCJ9.eyJ1c2VybmFtZSI6ImV1aG9uZyIsImlhdCI6MTY0MTEwMDQ3OCwiZXhwIjoxNjQxNzA1Mjc4fQ._jtPnRP0F9r_KA6eqR2HyDlOtuhknf7m7oC1tQ2xTYE',
    body: {},
    url: '/users/regist',
    query: {}
  }
} (in logger.ts:18)
2022-01-02 14:14:41 <info> e3d579c0-6b8a-11ec-9bb6-b3a6559f5ff1 {
  request: {
    method: 'POST',
    path: '/users/regist',
    cookie: 'user=eyJhbGciOiJIUzI1NiIsInR5cCI6IkpXVCJ9.eyJ1c2VybmFtZSI6ImV1aG9uZyIsImlhdCI6MTY0MTEwMDQ3OCwiZXhwIjoxNjQxNzA1Mjc4fQ._jtPnRP0F9r_KA6eqR2HyDlOtuhknf7m7oC1tQ2xTYE',
    body: [Object: null prototype] { card_num: '12' },
    url: '/users/regist',
    query: {}
  }
} (in logger.ts:18)
2022-01-02 14:14:42 <info> e4734060-6b8a-11ec-9bb6-b3a6559f5ff1 {
  request: {
    method: 'GET',
    path: '/users/regist',
    cookie: 'user=eyJhbGciOiJIUzI1NiIsInR5cCI6IkpXVCJ9.eyJ1c2VybmFtZSI6ImV1aG9uZyIsImlhdCI6MTY0MTEwMDQ3OCwiZXhwIjoxNjQxNzA1Mjc4fQ._jtPnRP0F9r_KA6eqR2HyDlOtuhknf7m7oC1tQ2xTYE',
    body: {},
    url: '/users/regist',
    query: {}
  }
} (in logger.ts:18)
2022-01-02 14:14:44 <info> e5f2b470-6b8a-11ec-9bb6-b3a6559f5ff1 {
  request: {
    method: 'POST',
    path: '/users/regist',
    cookie: 'user=eyJhbGciOiJIUzI1NiIsInR5cCI6IkpXVCJ9.eyJ1c2VybmFtZSI6ImV1aG9uZyIsImlhdCI6MTY0MTEwMDQ3OCwiZXhwIjoxNjQxNzA1Mjc4fQ._jtPnRP0F9r_KA6eqR2HyDlOtuhknf7m7oC1tQ2xTYE',
    body: [Object: null prototype] { card_num: '1' },
    url: '/users/regist',
    query: {}
  }
} (in logger.ts:18)
2022-01-02 14:14:46 <info> e6a20740-6b8a-11ec-9bb6-b3a6559f5ff1 {
  request: {
    method: 'GET',
    path: '/users/show',
    cookie: 'user=eyJhbGciOiJIUzI1NiIsInR5cCI6IkpXVCJ9.eyJ1c2VybmFtZSI6ImV1aG9uZyIsImlhdCI6MTY0MTEwMDQ3OCwiZXhwIjoxNjQxNzA1Mjc4fQ._jtPnRP0F9r_KA6eqR2HyDlOtuhknf7m7oC1tQ2xTYE',
    body: {},
    url: '/users/show',
    query: {}
  }
} (in logger.ts:18)
2022-01-02 14:19:03 <info> 80329eb0-6b8b-11ec-9bb6-b3a6559f5ff1 {
  request: {
    method: 'GET',
    path: '/users',
    cookie: 'user=eyJhbGciOiJIUzI1NiIsInR5cCI6IkpXVCJ9.eyJ1c2VybmFtZSI6ImV1aG9uZyIsImlhdCI6MTY0MTEwMDQ3OCwiZXhwIjoxNjQxNzA1Mjc4fQ._jtPnRP0F9r_KA6eqR2HyDlOtuhknf7m7oC1tQ2xTYE',
    body: {},
    url: '/users',
    query: {}
  }
} (in logger.ts:18)
2022-01-02 14:21:24 <info> d4000500-6b8b-11ec-9bb6-b3a6559f5ff1 {
  request: {
    method: 'GET',
    path: '/users',
    cookie: 'user=eyJhbGciOiJIUzI1NiIsInR5cCI6IkpXVCJ9.eyJ1c2VybmFtZSI6ImV1aG9uZyIsImlhdCI6MTY0MTEwMDQ3OCwiZXhwIjoxNjQxNzA1Mjc4fQ._jtPnRP0F9r_KA6eqR2HyDlOtuhknf7m7oC1tQ2xTYE',
    body: {},
    url: '/users',
    query: {}
  }
} (in logger.ts:18)
2022-01-02 14:22:24 <info> f8214980-6b8b-11ec-9bb6-b3a6559f5ff1 {
  request: {
    method: 'GET',
    path: '/users',
    cookie: 'user=eyJhbGciOiJIUzI1NiIsInR5cCI6IkpXVCJ9.eyJ1c2VybmFtZSI6ImV1aG9uZyIsImlhdCI6MTY0MTEwMDQ3OCwiZXhwIjoxNjQxNzA1Mjc4fQ._jtPnRP0F9r_KA6eqR2HyDlOtuhknf7m7oC1tQ2xTYE',
    body: {},
    url: '/users',
    query: {}
  }
} (in logger.ts:18)
2022-01-02 14:23:49 <info> 2a6b95d0-6b8c-11ec-9bb6-b3a6559f5ff1 {
  request: {
    method: 'GET',
    path: '/users',
    cookie: 'user=eyJhbGciOiJIUzI1NiIsInR5cCI6IkpXVCJ9.eyJ1c2VybmFtZSI6ImV1aG9uZyIsImlhdCI6MTY0MTEwMDQ3OCwiZXhwIjoxNjQxNzA1Mjc4fQ._jtPnRP0F9r_KA6eqR2HyDlOtuhknf7m7oC1tQ2xTYE',
    body: {},
    url: '/users',
    query: {}
  }
} (in logger.ts:18)
2022-01-02 14:25:02 <info> 56583ea0-6b8c-11ec-9bb6-b3a6559f5ff1 {
  request: {
    method: 'GET',
    path: '/users',
    cookie: undefined,
    body: {},
    url: '/users',
    query: {}
  }
} (in logger.ts:18)
2022-01-02 14:25:41 <info> 6d09b930-6b8c-11ec-9bb6-b3a6559f5ff1 {
  request: {
    method: 'GET',
    path: '/users',
    cookie: undefined,
    body: {},
    url: '/users',
    query: {}
  }
} (in logger.ts:18)
2022-01-02 14:26:07 <info> 7c95ac60-6b8c-11ec-9bb6-b3a6559f5ff1 {
  request: {
    method: 'GET',
    path: '/users',
    cookie: undefined,
    body: {},
    url: '/users',
    query: {}
  }
} (in logger.ts:18)
2022-01-02 14:26:14 <info> 810dee10-6b8c-11ec-9bb6-b3a6559f5ff1 {
  request: {
    method: 'GET',
    path: '/users',
    cookie: undefined,
    body: {},
    url: '/users',
    query: {}
  }
} (in logger.ts:18)
2022-01-02 14:26:39 <info> 900da6d0-6b8c-11ec-9bb6-b3a6559f5ff1 {
  request: {
    method: 'GET',
    path: '/users',
    cookie: undefined,
    body: {},
    url: '/users',
    query: {}
  }
} (in logger.ts:18)
2022-01-02 14:26:53 <info> 9813f140-6b8c-11ec-9bb6-b3a6559f5ff1 {
  request: {
    method: 'GET',
    path: '/users',
    cookie: undefined,
    body: {},
    url: '/users',
    query: {}
  }
} (in logger.ts:18)
2022-01-02 14:27:26 <info> abce72f0-6b8c-11ec-9bb6-b3a6559f5ff1 {
  request: {
    method: 'GET',
    path: '/users',
    cookie: undefined,
    body: {},
    url: '/users',
    query: {}
  }
} (in logger.ts:18)
2022-01-02 14:27:32 <info> af79eec0-6b8c-11ec-9bb6-b3a6559f5ff1 {
  request: {
    method: 'GET',
    path: '/users',
    cookie: undefined,
    body: {},
    url: '/users',
    query: {}
  }
} (in logger.ts:18)
2022-01-02 14:27:43 <info> b5ce1c60-6b8c-11ec-9bb6-b3a6559f5ff1 {
  request: {
    method: 'GET',
    path: '/users/login',
    cookie: undefined,
    body: {},
    url: '/users/login?',
    query: {}
  }
} (in logger.ts:18)
2022-01-02 14:27:43 <info> b64d5e80-6b8c-11ec-9bb6-b3a6559f5ff1 {
  request: {
    method: 'GET',
    path: '/users/login/callback',
    cookie: undefined,
    body: {},
    url: '/users/login/callback?code=6d2d33addd7c460ae3483c10c1791bfb790cd932e66ee2edde506010b299f334',
    query: {
      code: '6d2d33addd7c460ae3483c10c1791bfb790cd932e66ee2edde506010b299f334'
    }
  }
} (in logger.ts:18)
2022-01-02 14:27:47 <info> b837a250-6b8c-11ec-9bb6-b3a6559f5ff1 {
  request: {
    method: 'GET',
    path: '/users/regist',
    cookie: 'user=eyJhbGciOiJIUzI1NiIsInR5cCI6IkpXVCJ9.eyJ1c2VybmFtZSI6ImV1aG9uZyIsImlhdCI6MTY0MTEwMTI2NywiZXhwIjoxNjQxNzA2MDY3fQ.yB0f7BwXzK4nxe_HyZjBDbpM4-2IOhKLomrSqAu3MRU',
    body: {},
    url: '/users/regist',
    query: {}
  }
} (in logger.ts:18)
2022-01-02 14:27:51 <info> bab80ba0-6b8c-11ec-9bb6-b3a6559f5ff1 {
  request: {
    method: 'POST',
    path: '/users/regist',
    cookie: 'user=eyJhbGciOiJIUzI1NiIsInR5cCI6IkpXVCJ9.eyJ1c2VybmFtZSI6ImV1aG9uZyIsImlhdCI6MTY0MTEwMTI2NywiZXhwIjoxNjQxNzA2MDY3fQ.yB0f7BwXzK4nxe_HyZjBDbpM4-2IOhKLomrSqAu3MRU',
    body: [Object: null prototype] { card_num: '1012' },
    url: '/users/regist',
    query: {}
  }
} (in logger.ts:18)
2022-01-02 14:27:52 <info> bb95e880-6b8c-11ec-9bb6-b3a6559f5ff1 {
  request: {
    method: 'GET',
    path: '/users/show',
    cookie: 'user=eyJhbGciOiJIUzI1NiIsInR5cCI6IkpXVCJ9.eyJ1c2VybmFtZSI6ImV1aG9uZyIsImlhdCI6MTY0MTEwMTI2NywiZXhwIjoxNjQxNzA2MDY3fQ.yB0f7BwXzK4nxe_HyZjBDbpM4-2IOhKLomrSqAu3MRU',
    body: {},
    url: '/users/show',
    query: {}
  }
} (in logger.ts:18)
2022-01-02 14:27:57 <info> be92adc0-6b8c-11ec-9bb6-b3a6559f5ff1 {
  request: {
    method: 'GET',
    path: '/users',
    cookie: 'user=eyJhbGciOiJIUzI1NiIsInR5cCI6IkpXVCJ9.eyJ1c2VybmFtZSI6ImV1aG9uZyIsImlhdCI6MTY0MTEwMTI2NywiZXhwIjoxNjQxNzA2MDY3fQ.yB0f7BwXzK4nxe_HyZjBDbpM4-2IOhKLomrSqAu3MRU',
    body: {},
    url: '/users',
    query: {}
  }
} (in logger.ts:18)
2022-01-02 14:28:38 <info> d6f533b0-6b8c-11ec-9bb6-b3a6559f5ff1 {
  request: {
    method: 'GET',
    path: '/users',
    cookie: 'user=eyJhbGciOiJIUzI1NiIsInR5cCI6IkpXVCJ9.eyJ1c2VybmFtZSI6ImV1aG9uZyIsImlhdCI6MTY0MTEwMTI2NywiZXhwIjoxNjQxNzA2MDY3fQ.yB0f7BwXzK4nxe_HyZjBDbpM4-2IOhKLomrSqAu3MRU',
    body: {},
    url: '/users',
    query: {}
  }
} (in logger.ts:18)
2022-01-02 14:29:59 <info> 06e69be0-6b8d-11ec-9bb6-b3a6559f5ff1 {
  request: {
    method: 'GET',
    path: '/users',
    cookie: 'user=eyJhbGciOiJIUzI1NiIsInR5cCI6IkpXVCJ9.eyJ1c2VybmFtZSI6ImV1aG9uZyIsImlhdCI6MTY0MTEwMTI2NywiZXhwIjoxNjQxNzA2MDY3fQ.yB0f7BwXzK4nxe_HyZjBDbpM4-2IOhKLomrSqAu3MRU',
    body: {},
    url: '/users',
    query: {}
  }
} (in logger.ts:18)
2022-01-02 14:30:07 <info> 0bcb0ce0-6b8d-11ec-9bb6-b3a6559f5ff1 {
  request: {
    method: 'GET',
    path: '/users',
    cookie: 'user=eyJhbGciOiJIUzI1NiIsInR5cCI6IkpXVCJ9.eyJ1c2VybmFtZSI6ImV1aG9uZyIsImlhdCI6MTY0MTEwMTI2NywiZXhwIjoxNjQxNzA2MDY3fQ.yB0f7BwXzK4nxe_HyZjBDbpM4-2IOhKLomrSqAu3MRU',
    body: {},
    url: '/users',
    query: {}
  }
} (in logger.ts:18)
2022-01-02 14:39:48 <info> 65fc62d0-6b8e-11ec-9bb6-b3a6559f5ff1 {
  request: {
    method: 'GET',
    path: '/users',
    cookie: undefined,
    body: {},
    url: '/users',
    query: {}
  }
} (in logger.ts:18)
2022-01-02 14:46:37 <info> 59e15e00-6b8f-11ec-9bb6-b3a6559f5ff1 {
  request: {
    method: 'GET',
    path: '/users',
    cookie: undefined,
    body: {},
    url: '/users',
    query: {}
  }
} (in logger.ts:18)
2022-01-02 14:47:05 <info> 6ab38cd0-6b8f-11ec-9bb6-b3a6559f5ff1 {
  request: {
    method: 'GET',
    path: '/users',
    cookie: undefined,
    body: {},
    url: '/users',
    query: {}
  }
} (in logger.ts:18)
2022-01-02 14:47:18 <info> 722b79f0-6b8f-11ec-9bb6-b3a6559f5ff1 {
  request: {
    method: 'GET',
    path: '/users',
    cookie: undefined,
    body: {},
    url: '/users',
    query: {}
  }
} (in logger.ts:18)
2022-01-02 14:47:36 <info> 7d5153e0-6b8f-11ec-9bb6-b3a6559f5ff1 {
  request: {
    method: 'GET',
    path: '/users',
    cookie: undefined,
    body: {},
    url: '/users',
    query: {}
  }
} (in logger.ts:18)
2022-01-02 14:48:03 <info> 8d38d490-6b8f-11ec-9bb6-b3a6559f5ff1 {
  request: {
    method: 'GET',
    path: '/users',
    cookie: undefined,
    body: {},
    url: '/users',
    query: {}
  }
} (in logger.ts:18)
2022-01-02 14:48:13 <info> 92e4b440-6b8f-11ec-9bb6-b3a6559f5ff1 {
  request: {
    method: 'GET',
    path: '/users',
    cookie: undefined,
    body: {},
    url: '/users',
    query: {}
  }
} (in logger.ts:18)
2022-01-02 14:48:21 <info> 97a1c720-6b8f-11ec-9bb6-b3a6559f5ff1 {
  request: {
    method: 'GET',
    path: '/users',
    cookie: undefined,
    body: {},
    url: '/users',
    query: {}
  }
} (in logger.ts:18)
2022-01-02 14:48:26 <info> 9ad5a1f0-6b8f-11ec-9bb6-b3a6559f5ff1 {
  request: {
    method: 'GET',
    path: '/users',
    cookie: undefined,
    body: {},
    url: '/users',
    query: {}
  }
} (in logger.ts:18)
2022-01-02 14:48:30 <info> 9d86df40-6b8f-11ec-9bb6-b3a6559f5ff1 {
  request: {
    method: 'GET',
    path: '/users',
    cookie: undefined,
    body: {},
    url: '/users',
    query: {}
  }
} (in logger.ts:18)
2022-01-02 14:48:37 <info> a18499c0-6b8f-11ec-9bb6-b3a6559f5ff1 {
  request: {
    method: 'GET',
    path: '/users',
    cookie: undefined,
    body: {},
    url: '/users',
    query: {}
  }
} (in logger.ts:18)
2022-01-02 14:51:20 <info> 02741f30-6b90-11ec-9bb6-b3a6559f5ff1 {
  request: {
    method: 'GET',
    path: '/users',
    cookie: undefined,
    body: {},
    url: '/users',
    query: {}
  }
} (in logger.ts:18)
2022-01-02 15:00:18 <info> 4347ed60-6b91-11ec-9bb6-b3a6559f5ff1 {
  request: {
    method: 'GET',
    path: '/users/login',
    cookie: undefined,
    body: {},
    url: '/users/login?',
    query: {}
  }
} (in logger.ts:18)
2022-01-02 15:00:19 <info> 43f89fc0-6b91-11ec-9bb6-b3a6559f5ff1 {
  request: {
    method: 'GET',
    path: '/users/login/callback',
    cookie: undefined,
    body: {},
    url: '/users/login/callback?code=5a3ae3bde92f9b090a9ac86488fa8110b8a860fa4001a9d2727aba70e9cc6a61',
    query: {
      code: '5a3ae3bde92f9b090a9ac86488fa8110b8a860fa4001a9d2727aba70e9cc6a61'
    }
  }
} (in logger.ts:18)
2022-01-02 15:00:22 <info> 45e7eca0-6b91-11ec-9bb6-b3a6559f5ff1 {
  request: {
    method: 'GET',
    path: '/users/regist',
    cookie: 'user=eyJhbGciOiJIUzI1NiIsInR5cCI6IkpXVCJ9.eyJ1c2VybmFtZSI6ImV1aG9uZyIsImlhdCI6MTY0MTEwMzIyMiwiZXhwIjoxNjQxNzA4MDIyfQ._rfWgtnRF-0T_UxmOJ21JoMaZH439ELLevZWvkbeM8M',
    body: {},
    url: '/users/regist',
    query: {}
  }
} (in logger.ts:18)
2022-01-02 15:01:14 <info> 64774210-6b91-11ec-9bb6-b3a6559f5ff1 {
  request: {
    method: 'GET',
    path: '/users/login',
    cookie: 'user=eyJhbGciOiJIUzI1NiIsInR5cCI6IkpXVCJ9.eyJ1c2VybmFtZSI6ImV1aG9uZyIsImlhdCI6MTY0MTEwMzIyMiwiZXhwIjoxNjQxNzA4MDIyfQ._rfWgtnRF-0T_UxmOJ21JoMaZH439ELLevZWvkbeM8M',
    body: {},
    url: '/users/login?',
    query: {}
  }
} (in logger.ts:18)
2022-01-02 15:01:14 <info> 64ae0980-6b91-11ec-9bb6-b3a6559f5ff1 {
  request: {
    method: 'GET',
    path: '/users/login/callback',
    cookie: 'user=eyJhbGciOiJIUzI1NiIsInR5cCI6IkpXVCJ9.eyJ1c2VybmFtZSI6ImV1aG9uZyIsImlhdCI6MTY0MTEwMzIyMiwiZXhwIjoxNjQxNzA4MDIyfQ._rfWgtnRF-0T_UxmOJ21JoMaZH439ELLevZWvkbeM8M',
    body: {},
    url: '/users/login/callback?code=a87ea1eda749951ed705ccf11ea4be1bdd474786faf879efcdc71b687f0db842',
    query: {
      code: 'a87ea1eda749951ed705ccf11ea4be1bdd474786faf879efcdc71b687f0db842'
    }
  }
} (in logger.ts:18)
2022-01-02 15:01:17 <info> 6694f1f0-6b91-11ec-9bb6-b3a6559f5ff1 {
  request: {
    method: 'GET',
    path: '/users/regist',
    cookie: 'user=eyJhbGciOiJIUzI1NiIsInR5cCI6IkpXVCJ9.eyJ1c2VybmFtZSI6ImV1aG9uZyIsImlhdCI6MTY0MTEwMzI3NywiZXhwIjoxNjQxNzA4MDc3fQ.aUOOOpEdpSDQJlHqSIawrYjwpeF9rnDRo2zN1RCRkDE',
    body: {},
    url: '/users/regist',
    query: {}
  }
} (in logger.ts:18)
2022-01-02 15:01:22 <info> 69a195b0-6b91-11ec-9bb6-b3a6559f5ff1 {
  request: {
    method: 'GET',
    path: '/users/login',
    cookie: 'user=eyJhbGciOiJIUzI1NiIsInR5cCI6IkpXVCJ9.eyJ1c2VybmFtZSI6ImV1aG9uZyIsImlhdCI6MTY0MTEwMzI3NywiZXhwIjoxNjQxNzA4MDc3fQ.aUOOOpEdpSDQJlHqSIawrYjwpeF9rnDRo2zN1RCRkDE',
    body: {},
    url: '/users/login?',
    query: {}
  }
} (in logger.ts:18)
2022-01-02 15:01:23 <info> 69d269b0-6b91-11ec-9bb6-b3a6559f5ff1 {
  request: {
    method: 'GET',
    path: '/users/login/callback',
    cookie: 'user=eyJhbGciOiJIUzI1NiIsInR5cCI6IkpXVCJ9.eyJ1c2VybmFtZSI6ImV1aG9uZyIsImlhdCI6MTY0MTEwMzI3NywiZXhwIjoxNjQxNzA4MDc3fQ.aUOOOpEdpSDQJlHqSIawrYjwpeF9rnDRo2zN1RCRkDE',
    body: {},
    url: '/users/login/callback?code=8a1a0e0b4afe4f62350add3a0e2fef510e07ee6c0ebaa2c6b478c0f92bc9bc29',
    query: {
      code: '8a1a0e0b4afe4f62350add3a0e2fef510e07ee6c0ebaa2c6b478c0f92bc9bc29'
    }
  }
} (in logger.ts:18)
2022-01-02 15:01:25 <info> 6b379f00-6b91-11ec-9bb6-b3a6559f5ff1 {
  request: {
    method: 'GET',
    path: '/users/regist',
    cookie: 'user=eyJhbGciOiJIUzI1NiIsInR5cCI6IkpXVCJ9.eyJ1c2VybmFtZSI6ImV1aG9uZyIsImlhdCI6MTY0MTEwMzI4NSwiZXhwIjoxNjQxNzA4MDg1fQ.c-4XpunpEgAYTMK2A_vGZaG0iamFUL0VRuFLL3s5q8Q',
    body: {},
    url: '/users/regist',
    query: {}
  }
} (in logger.ts:18)
2022-01-02 15:01:29 <info> 6d7c85f0-6b91-11ec-9bb6-b3a6559f5ff1 {
  request: {
    method: 'GET',
    path: '/users/login',
    cookie: 'user=eyJhbGciOiJIUzI1NiIsInR5cCI6IkpXVCJ9.eyJ1c2VybmFtZSI6ImV1aG9uZyIsImlhdCI6MTY0MTEwMzI4NSwiZXhwIjoxNjQxNzA4MDg1fQ.c-4XpunpEgAYTMK2A_vGZaG0iamFUL0VRuFLL3s5q8Q',
    body: {},
    url: '/users/login?',
    query: {}
  }
} (in logger.ts:18)
2022-01-02 15:01:35 <info> 70f44790-6b91-11ec-9bb6-b3a6559f5ff1 {
  request: {
    method: 'GET',
    path: '/users/login/callback',
    cookie: 'user=eyJhbGciOiJIUzI1NiIsInR5cCI6IkpXVCJ9.eyJ1c2VybmFtZSI6ImV1aG9uZyIsImlhdCI6MTY0MTEwMzI4NSwiZXhwIjoxNjQxNzA4MDg1fQ.c-4XpunpEgAYTMK2A_vGZaG0iamFUL0VRuFLL3s5q8Q',
    body: {},
    url: '/users/login/callback?code=f57aae3a9b97961d88f88f1c155ce51fa58570f76d6ed365a23302601a5396b3',
    query: {
      code: 'f57aae3a9b97961d88f88f1c155ce51fa58570f76d6ed365a23302601a5396b3'
    }
  }
} (in logger.ts:18)
2022-01-02 15:01:37 <info> 726d7a10-6b91-11ec-9bb6-b3a6559f5ff1 {
  request: {
    method: 'GET',
    path: '/users/regist',
    cookie: 'user=eyJhbGciOiJIUzI1NiIsInR5cCI6IkpXVCJ9.eyJ1c2VybmFtZSI6ImV1aG9uZyIsImlhdCI6MTY0MTEwMzI5NywiZXhwIjoxNjQxNzA4MDk3fQ.tVo0NW2w9X_CdTZAnVhWt592cAKve0pfOI-FI-kZBpQ',
    body: {},
    url: '/users/regist',
    query: {}
  }
} (in logger.ts:18)
2022-01-02 15:01:48 <info> 78d779a0-6b91-11ec-9bb6-b3a6559f5ff1 {
  request: {
    method: 'POST',
    path: '/users/regist',
    cookie: 'user=eyJhbGciOiJIUzI1NiIsInR5cCI6IkpXVCJ9.eyJ1c2VybmFtZSI6ImV1aG9uZyIsImlhdCI6MTY0MTEwMzI5NywiZXhwIjoxNjQxNzA4MDk3fQ.tVo0NW2w9X_CdTZAnVhWt592cAKve0pfOI-FI-kZBpQ',
    body: [Object: null prototype] { card_num: '12' },
    url: '/users/regist',
    query: {}
  }
} (in logger.ts:18)
2022-01-02 15:01:49 <info> 79b44510-6b91-11ec-9bb6-b3a6559f5ff1 {
  request: {
    method: 'GET',
    path: '/users/show',
    cookie: 'user=eyJhbGciOiJIUzI1NiIsInR5cCI6IkpXVCJ9.eyJ1c2VybmFtZSI6ImV1aG9uZyIsImlhdCI6MTY0MTEwMzI5NywiZXhwIjoxNjQxNzA4MDk3fQ.tVo0NW2w9X_CdTZAnVhWt592cAKve0pfOI-FI-kZBpQ',
    body: {},
    url: '/users/show',
    query: {}
  }
} (in logger.ts:18)
2022-01-02 15:02:01 <info> 80994100-6b91-11ec-9bb6-b3a6559f5ff1 {
  request: {
    method: 'GET',
    path: '/users/logout',
    cookie: 'user=eyJhbGciOiJIUzI1NiIsInR5cCI6IkpXVCJ9.eyJ1c2VybmFtZSI6ImV1aG9uZyIsImlhdCI6MTY0MTEwMzI5NywiZXhwIjoxNjQxNzA4MDk3fQ.tVo0NW2w9X_CdTZAnVhWt592cAKve0pfOI-FI-kZBpQ',
    body: {},
    url: '/users/logout',
    query: {}
  }
} (in logger.ts:18)
2022-01-02 15:04:19 <info> d2d9c5c0-6b91-11ec-9be6-33cf5915579a {
  request: {
    method: 'GET',
    path: '/users/logout',
    cookie: 'user=eyJhbGciOiJIUzI1NiIsInR5cCI6IkpXVCJ9.eyJ1c2VybmFtZSI6ImV1aG9uZyIsImlhdCI6MTY0MTEwMzI5NywiZXhwIjoxNjQxNzA4MDk3fQ.tVo0NW2w9X_CdTZAnVhWt592cAKve0pfOI-FI-kZBpQ',
    body: {},
    url: '/users/logout',
    query: {}
  }
} (in logger.ts:18)
2022-01-02 15:20:59 <info> 26af0960-6b94-11ec-bcf6-31a6b9181885 {
  request: {
    method: 'GET',
    path: '/users/logout',
    cookie: undefined,
    body: {},
    url: '/users/logout',
    query: {}
  }
} (in logger.ts:18)
2022-01-02 15:21:06 <info> 2b27e750-6b94-11ec-bcf6-31a6b9181885 {
  request: {
    method: 'GET',
    path: '/users/',
    cookie: undefined,
    body: {},
    url: '/users/',
    query: {}
  }
} (in logger.ts:18)
2022-01-02 15:21:08 <info> 2c964460-6b94-11ec-bcf6-31a6b9181885 {
  request: {
    method: 'GET',
    path: '/users/login',
    cookie: undefined,
    body: {},
    url: '/users/login?',
    query: {}
  }
} (in logger.ts:18)
2022-01-02 15:21:10 <info> 2d66dad0-6b94-11ec-bcf6-31a6b9181885 {
  request: {
    method: 'GET',
    path: '/users/login/callback',
    cookie: undefined,
    body: {},
    url: '/users/login/callback?code=105bca4d7ae884a005a37a3f8858befd2763301389b7740f73ca78dfe87b3236',
    query: {
      code: '105bca4d7ae884a005a37a3f8858befd2763301389b7740f73ca78dfe87b3236'
    }
  }
} (in logger.ts:18)
2022-01-02 15:21:13 <info> 2f2b6e30-6b94-11ec-bcf6-31a6b9181885 {
  request: {
    method: 'GET',
    path: '/users/regist',
    cookie: 'user=eyJhbGciOiJIUzI1NiIsInR5cCI6IkpXVCJ9.eyJ1c2VybmFtZSI6ImV1aG9uZyIsImlhdCI6MTY0MTEwNDQ3MywiZXhwIjoxNjQxNzA5MjczfQ.Ql8chGe3GS03i9mo5GgHRNOUQjBF0YGw2q0BMWlB3vQ',
    body: {},
    url: '/users/regist',
    query: {}
  }
} (in logger.ts:18)
2022-01-02 15:21:16 <info> 311da140-6b94-11ec-bcf6-31a6b9181885 {
  request: {
    method: 'POST',
    path: '/users/regist',
    cookie: 'user=eyJhbGciOiJIUzI1NiIsInR5cCI6IkpXVCJ9.eyJ1c2VybmFtZSI6ImV1aG9uZyIsImlhdCI6MTY0MTEwNDQ3MywiZXhwIjoxNjQxNzA5MjczfQ.Ql8chGe3GS03i9mo5GgHRNOUQjBF0YGw2q0BMWlB3vQ',
    body: [Object: null prototype] { card_num: '10' },
    url: '/users/regist',
    query: {}
  }
} (in logger.ts:18)
2022-01-02 15:21:17 <info> 31e3b060-6b94-11ec-bcf6-31a6b9181885 {
  request: {
    method: 'GET',
    path: '/users/show',
    cookie: 'user=eyJhbGciOiJIUzI1NiIsInR5cCI6IkpXVCJ9.eyJ1c2VybmFtZSI6ImV1aG9uZyIsImlhdCI6MTY0MTEwNDQ3MywiZXhwIjoxNjQxNzA5MjczfQ.Ql8chGe3GS03i9mo5GgHRNOUQjBF0YGw2q0BMWlB3vQ',
    body: {},
    url: '/users/show',
    query: {}
  }
} (in logger.ts:18)
2022-01-02 15:21:30 <info> 392d6190-6b94-11ec-bcf6-31a6b9181885 {
  request: {
    method: 'GET',
    path: '/users/logout',
    cookie: 'user=eyJhbGciOiJIUzI1NiIsInR5cCI6IkpXVCJ9.eyJ1c2VybmFtZSI6ImV1aG9uZyIsImlhdCI6MTY0MTEwNDQ3MywiZXhwIjoxNjQxNzA5MjczfQ.Ql8chGe3GS03i9mo5GgHRNOUQjBF0YGw2q0BMWlB3vQ',
    body: {},
    url: '/users/logout',
    query: {}
  }
} (in logger.ts:18)
2022-01-02 15:21:55 <info> 48787b30-6b94-11ec-883a-a9f929953f3b {
  request: {
    method: 'GET',
    path: '/users/logout',
    cookie: 'user=eyJhbGciOiJIUzI1NiIsInR5cCI6IkpXVCJ9.eyJ1c2VybmFtZSI6ImV1aG9uZyIsImlhdCI6MTY0MTEwNDQ3MywiZXhwIjoxNjQxNzA5MjczfQ.Ql8chGe3GS03i9mo5GgHRNOUQjBF0YGw2q0BMWlB3vQ',
    body: {},
    url: '/users/logout',
    query: {}
  }
} (in logger.ts:18)
2022-01-02 15:22:21 <info> 57f9c000-6b94-11ec-883a-a9f929953f3b {
  request: {
    method: 'GET',
    path: '/users/',
    cookie: 'user=eyJhbGciOiJIUzI1NiIsInR5cCI6IkpXVCJ9.eyJ1c2VybmFtZSI6ImV1aG9uZyIsImlhdCI6MTY0MTEwNDQ3MywiZXhwIjoxNjQxNzA5MjczfQ.Ql8chGe3GS03i9mo5GgHRNOUQjBF0YGw2q0BMWlB3vQ',
    body: {},
    url: '/users/',
    query: {}
  }
} (in logger.ts:18)
2022-01-02 15:22:23 <info> 5911e6c0-6b94-11ec-883a-a9f929953f3b {
  request: {
    method: 'GET',
    path: '/users/login',
    cookie: 'user=eyJhbGciOiJIUzI1NiIsInR5cCI6IkpXVCJ9.eyJ1c2VybmFtZSI6ImV1aG9uZyIsImlhdCI6MTY0MTEwNDQ3MywiZXhwIjoxNjQxNzA5MjczfQ.Ql8chGe3GS03i9mo5GgHRNOUQjBF0YGw2q0BMWlB3vQ',
    body: {},
    url: '/users/login?',
    query: {}
  }
} (in logger.ts:18)
2022-01-02 15:22:23 <info> 594b9460-6b94-11ec-883a-a9f929953f3b {
  request: {
    method: 'GET',
    path: '/users/login/callback',
    cookie: 'user=eyJhbGciOiJIUzI1NiIsInR5cCI6IkpXVCJ9.eyJ1c2VybmFtZSI6ImV1aG9uZyIsImlhdCI6MTY0MTEwNDQ3MywiZXhwIjoxNjQxNzA5MjczfQ.Ql8chGe3GS03i9mo5GgHRNOUQjBF0YGw2q0BMWlB3vQ',
    body: {},
    url: '/users/login/callback?code=041d58072ffd497449a1c5c90e95479522208cc71323576fa95916d9e6310adb',
    query: {
      code: '041d58072ffd497449a1c5c90e95479522208cc71323576fa95916d9e6310adb'
    }
  }
} (in logger.ts:18)
2022-01-02 15:22:26 <info> 5b0d1a80-6b94-11ec-883a-a9f929953f3b {
  request: {
    method: 'GET',
    path: '/users/regist',
    cookie: 'user=eyJhbGciOiJIUzI1NiIsInR5cCI6IkpXVCJ9.eyJ1c2VybmFtZSI6ImV1aG9uZyIsImlhdCI6MTY0MTEwNDU0NiwiZXhwIjoxNjQxNzA5MzQ2fQ.BhbXYZs5kQsTyUrnqSyogLFhucv5qhsUbcDOldmJeWg',
    body: {},
    url: '/users/regist',
    query: {}
  }
} (in logger.ts:18)
2022-01-02 15:22:33 <info> 5ecf79b0-6b94-11ec-883a-a9f929953f3b {
  request: {
    method: 'POST',
    path: '/users/regist',
    cookie: 'user=eyJhbGciOiJIUzI1NiIsInR5cCI6IkpXVCJ9.eyJ1c2VybmFtZSI6ImV1aG9uZyIsImlhdCI6MTY0MTEwNDU0NiwiZXhwIjoxNjQxNzA5MzQ2fQ.BhbXYZs5kQsTyUrnqSyogLFhucv5qhsUbcDOldmJeWg',
    body: [Object: null prototype] { card_num: '10' },
    url: '/users/regist',
    query: {}
  }
} (in logger.ts:18)
2022-01-02 15:22:34 <info> 5f681030-6b94-11ec-883a-a9f929953f3b {
  request: {
    method: 'GET',
    path: '/users/regist',
    cookie: 'user=eyJhbGciOiJIUzI1NiIsInR5cCI6IkpXVCJ9.eyJ1c2VybmFtZSI6ImV1aG9uZyIsImlhdCI6MTY0MTEwNDU0NiwiZXhwIjoxNjQxNzA5MzQ2fQ.BhbXYZs5kQsTyUrnqSyogLFhucv5qhsUbcDOldmJeWg',
    body: {},
    url: '/users/regist',
    query: {}
  }
} (in logger.ts:18)
2022-01-02 15:22:35 <info> 602e4660-6b94-11ec-883a-a9f929953f3b {
  request: {
    method: 'POST',
    path: '/users/regist',
    cookie: 'user=eyJhbGciOiJIUzI1NiIsInR5cCI6IkpXVCJ9.eyJ1c2VybmFtZSI6ImV1aG9uZyIsImlhdCI6MTY0MTEwNDU0NiwiZXhwIjoxNjQxNzA5MzQ2fQ.BhbXYZs5kQsTyUrnqSyogLFhucv5qhsUbcDOldmJeWg',
    body: [Object: null prototype] { card_num: '1' },
    url: '/users/regist',
    query: {}
  }
} (in logger.ts:18)
2022-01-02 15:22:36 <info> 60d90550-6b94-11ec-883a-a9f929953f3b {
  request: {
    method: 'GET',
    path: '/users/show',
    cookie: 'user=eyJhbGciOiJIUzI1NiIsInR5cCI6IkpXVCJ9.eyJ1c2VybmFtZSI6ImV1aG9uZyIsImlhdCI6MTY0MTEwNDU0NiwiZXhwIjoxNjQxNzA5MzQ2fQ.BhbXYZs5kQsTyUrnqSyogLFhucv5qhsUbcDOldmJeWg',
    body: {},
    url: '/users/show',
    query: {}
  }
} (in logger.ts:18)
2022-01-02 15:22:41 <info> 63fcda90-6b94-11ec-883a-a9f929953f3b {
  request: {
    method: 'GET',
    path: '/users/logout',
    cookie: 'user=eyJhbGciOiJIUzI1NiIsInR5cCI6IkpXVCJ9.eyJ1c2VybmFtZSI6ImV1aG9uZyIsImlhdCI6MTY0MTEwNDU0NiwiZXhwIjoxNjQxNzA5MzQ2fQ.BhbXYZs5kQsTyUrnqSyogLFhucv5qhsUbcDOldmJeWg',
    body: {},
    url: '/users/logout',
    query: {}
  }
} (in logger.ts:18)
2022-01-02 15:29:57 <info> 677c6ef0-6b95-11ec-a50e-b9ffd2e6d2ce {
  request: {
    method: 'GET',
    path: '/users',
    cookie: 'user=eyJhbGciOiJIUzI1NiIsInR5cCI6IkpXVCJ9.eyJ1c2VybmFtZSI6ImV1aG9uZyIsImlhdCI6MTY0MTEwNDU0NiwiZXhwIjoxNjQxNzA5MzQ2fQ.BhbXYZs5kQsTyUrnqSyogLFhucv5qhsUbcDOldmJeWg',
    body: {},
    url: '/users',
    query: {}
  }
} (in logger.ts:18)
2022-01-02 15:29:58 <info> 6887eb80-6b95-11ec-a50e-b9ffd2e6d2ce {
  request: {
    method: 'GET',
    path: '/users/login',
    cookie: 'user=eyJhbGciOiJIUzI1NiIsInR5cCI6IkpXVCJ9.eyJ1c2VybmFtZSI6ImV1aG9uZyIsImlhdCI6MTY0MTEwNDU0NiwiZXhwIjoxNjQxNzA5MzQ2fQ.BhbXYZs5kQsTyUrnqSyogLFhucv5qhsUbcDOldmJeWg',
    body: {},
    url: '/users/login?',
    query: {}
  }
} (in logger.ts:18)
2022-01-02 15:29:59 <info> 690cd2f0-6b95-11ec-a50e-b9ffd2e6d2ce {
  request: {
    method: 'GET',
    path: '/users/login/callback',
    cookie: 'user=eyJhbGciOiJIUzI1NiIsInR5cCI6IkpXVCJ9.eyJ1c2VybmFtZSI6ImV1aG9uZyIsImlhdCI6MTY0MTEwNDU0NiwiZXhwIjoxNjQxNzA5MzQ2fQ.BhbXYZs5kQsTyUrnqSyogLFhucv5qhsUbcDOldmJeWg',
    body: {},
    url: '/users/login/callback?code=692348c9435a9c5c745e35d505f7976f60b24dcd7287deba533252c1d4d12e56',
    query: {
      code: '692348c9435a9c5c745e35d505f7976f60b24dcd7287deba533252c1d4d12e56'
    }
  }
} (in logger.ts:18)
2022-01-02 15:30:02 <info> 6ac77b40-6b95-11ec-a50e-b9ffd2e6d2ce {
  request: {
    method: 'GET',
    path: '/users/regist',
    cookie: 'user=eyJhbGciOiJIUzI1NiIsInR5cCI6IkpXVCJ9.eyJ1c2VybmFtZSI6ImV1aG9uZyIsImlhdCI6MTY0MTEwNTAwMiwiZXhwIjoxNjQxNzA5ODAyfQ.2UgLtDZFpVaFSrPIy1HSAdbMVKUpigeZPf8KrBYhpus',
    body: {},
    url: '/users/regist',
    query: {}
  }
} (in logger.ts:18)
2022-01-02 15:30:05 <info> 6ca27cd0-6b95-11ec-a50e-b9ffd2e6d2ce {
  request: {
    method: 'POST',
    path: '/users/regist',
    cookie: 'user=eyJhbGciOiJIUzI1NiIsInR5cCI6IkpXVCJ9.eyJ1c2VybmFtZSI6ImV1aG9uZyIsImlhdCI6MTY0MTEwNTAwMiwiZXhwIjoxNjQxNzA5ODAyfQ.2UgLtDZFpVaFSrPIy1HSAdbMVKUpigeZPf8KrBYhpus',
    body: [Object: null prototype] { card_num: '1111' },
    url: '/users/regist',
    query: {}
  }
} (in logger.ts:18)
2022-01-02 15:30:07 <info> 6d6dbc10-6b95-11ec-a50e-b9ffd2e6d2ce {
  request: {
    method: 'GET',
    path: '/users/show',
    cookie: 'user=eyJhbGciOiJIUzI1NiIsInR5cCI6IkpXVCJ9.eyJ1c2VybmFtZSI6ImV1aG9uZyIsImlhdCI6MTY0MTEwNTAwMiwiZXhwIjoxNjQxNzA5ODAyfQ.2UgLtDZFpVaFSrPIy1HSAdbMVKUpigeZPf8KrBYhpus',
    body: {},
    url: '/users/show',
    query: {}
  }
} (in logger.ts:18)
2022-01-02 15:30:13 <info> 71406ef0-6b95-11ec-a50e-b9ffd2e6d2ce {
  request: {
    method: 'GET',
    path: '/users/logout',
    cookie: 'user=eyJhbGciOiJIUzI1NiIsInR5cCI6IkpXVCJ9.eyJ1c2VybmFtZSI6ImV1aG9uZyIsImlhdCI6MTY0MTEwNTAwMiwiZXhwIjoxNjQxNzA5ODAyfQ.2UgLtDZFpVaFSrPIy1HSAdbMVKUpigeZPf8KrBYhpus',
    body: {},
    url: '/users/logout',
    query: {}
  }
} (in logger.ts:18)
2022-01-02 15:30:13 <info> 714502d0-6b95-11ec-a50e-b9ffd2e6d2ce {
  request: {
    method: 'GET',
    path: '/users/',
    cookie: undefined,
    body: {},
    url: '/users/',
    query: {}
  }
} (in logger.ts:18)
2022-01-02 15:31:35 <info> a203cd20-6b95-11ec-a50e-b9ffd2e6d2ce {
  request: {
    method: 'GET',
    path: '/users/login',
    cookie: undefined,
    body: {},
    url: '/users/login?',
    query: {}
  }
} (in logger.ts:18)
2022-01-02 15:31:35 <info> a23145c0-6b95-11ec-a50e-b9ffd2e6d2ce {
  request: {
    method: 'GET',
    path: '/users/login/callback',
    cookie: undefined,
    body: {},
    url: '/users/login/callback?code=3160f25d0b3d2b5d2f34558e92441b75ece8215ff351c6a3fb2ed4341543ab93',
    query: {
      code: '3160f25d0b3d2b5d2f34558e92441b75ece8215ff351c6a3fb2ed4341543ab93'
    }
  }
} (in logger.ts:18)
2022-01-02 15:31:38 <info> a399fd80-6b95-11ec-a50e-b9ffd2e6d2ce {
  request: {
    method: 'GET',
    path: '/users/regist',
    cookie: 'user=eyJhbGciOiJIUzI1NiIsInR5cCI6IkpXVCJ9.eyJ1c2VybmFtZSI6ImV1aG9uZyIsImlhdCI6MTY0MTEwNTA5OCwiZXhwIjoxNjQxNzA5ODk4fQ.QKkRQFxbbamzmXB4aLlsAL8DP9eVH41r_poKy2hodDw',
    body: {},
    url: '/users/regist',
    query: {}
  }
} (in logger.ts:18)
2022-01-02 15:31:40 <info> a53c14c0-6b95-11ec-a50e-b9ffd2e6d2ce {
  request: {
    method: 'POST',
    path: '/users/regist',
    cookie: 'user=eyJhbGciOiJIUzI1NiIsInR5cCI6IkpXVCJ9.eyJ1c2VybmFtZSI6ImV1aG9uZyIsImlhdCI6MTY0MTEwNTA5OCwiZXhwIjoxNjQxNzA5ODk4fQ.QKkRQFxbbamzmXB4aLlsAL8DP9eVH41r_poKy2hodDw',
    body: [Object: null prototype] { card_num: '0' },
    url: '/users/regist',
    query: {}
  }
} (in logger.ts:18)
2022-01-02 15:31:41 <info> a5e6fac0-6b95-11ec-a50e-b9ffd2e6d2ce {
  request: {
    method: 'GET',
    path: '/users/regist',
    cookie: 'user=eyJhbGciOiJIUzI1NiIsInR5cCI6IkpXVCJ9.eyJ1c2VybmFtZSI6ImV1aG9uZyIsImlhdCI6MTY0MTEwNTA5OCwiZXhwIjoxNjQxNzA5ODk4fQ.QKkRQFxbbamzmXB4aLlsAL8DP9eVH41r_poKy2hodDw',
    body: {},
    url: '/users/regist',
    query: {}
  }
} (in logger.ts:18)
2022-01-02 15:31:44 <info> a7825b40-6b95-11ec-a50e-b9ffd2e6d2ce {
  request: {
    method: 'POST',
    path: '/users/regist',
    cookie: 'user=eyJhbGciOiJIUzI1NiIsInR5cCI6IkpXVCJ9.eyJ1c2VybmFtZSI6ImV1aG9uZyIsImlhdCI6MTY0MTEwNTA5OCwiZXhwIjoxNjQxNzA5ODk4fQ.QKkRQFxbbamzmXB4aLlsAL8DP9eVH41r_poKy2hodDw',
    body: [Object: null prototype] { card_num: '-2323' },
    url: '/users/regist',
    query: {}
  }
} (in logger.ts:18)
2022-01-02 15:31:45 <info> a80e4790-6b95-11ec-a50e-b9ffd2e6d2ce {
  request: {
    method: 'GET',
    path: '/users/regist',
    cookie: 'user=eyJhbGciOiJIUzI1NiIsInR5cCI6IkpXVCJ9.eyJ1c2VybmFtZSI6ImV1aG9uZyIsImlhdCI6MTY0MTEwNTA5OCwiZXhwIjoxNjQxNzA5ODk4fQ.QKkRQFxbbamzmXB4aLlsAL8DP9eVH41r_poKy2hodDw',
    body: {},
    url: '/users/regist',
    query: {}
  }
} (in logger.ts:18)
2022-01-02 15:32:29 <info> c285a3c0-6b95-11ec-a098-d5ab2d298a78 {
  request: {
    method: 'POST',
    path: '/users/regist',
    cookie: 'user=eyJhbGciOiJIUzI1NiIsInR5cCI6IkpXVCJ9.eyJ1c2VybmFtZSI6ImV1aG9uZyIsImlhdCI6MTY0MTEwNTA5OCwiZXhwIjoxNjQxNzA5ODk4fQ.QKkRQFxbbamzmXB4aLlsAL8DP9eVH41r_poKy2hodDw',
    body: [Object: null prototype] { card_num: '12' },
    url: '/users/regist',
    query: {}
  }
} (in logger.ts:18)
2022-01-02 15:32:31 <info> c347e250-6b95-11ec-a098-d5ab2d298a78 {
  request: {
    method: 'GET',
    path: '/users/show',
    cookie: 'user=eyJhbGciOiJIUzI1NiIsInR5cCI6IkpXVCJ9.eyJ1c2VybmFtZSI6ImV1aG9uZyIsImlhdCI6MTY0MTEwNTA5OCwiZXhwIjoxNjQxNzA5ODk4fQ.QKkRQFxbbamzmXB4aLlsAL8DP9eVH41r_poKy2hodDw',
    body: {},
    url: '/users/show',
    query: {}
  }
} (in logger.ts:18)
2022-01-02 15:32:35 <info> c5d4f5d0-6b95-11ec-a098-d5ab2d298a78 {
  request: {
    method: 'GET',
    path: '/users/logout',
    cookie: 'user=eyJhbGciOiJIUzI1NiIsInR5cCI6IkpXVCJ9.eyJ1c2VybmFtZSI6ImV1aG9uZyIsImlhdCI6MTY0MTEwNTA5OCwiZXhwIjoxNjQxNzA5ODk4fQ.QKkRQFxbbamzmXB4aLlsAL8DP9eVH41r_poKy2hodDw',
    body: {},
    url: '/users/logout',
    query: {}
  }
} (in logger.ts:18)
2022-01-02 15:32:35 <info> c5d9fee0-6b95-11ec-a098-d5ab2d298a78 {
  request: {
    method: 'GET',
    path: '/users/',
    cookie: undefined,
    body: {},
    url: '/users/',
    query: {}
  }
} (in logger.ts:18)
2022-01-02 15:32:36 <info> c6a0f860-6b95-11ec-a098-d5ab2d298a78 {
  request: {
    method: 'GET',
    path: '/users/login',
    cookie: undefined,
    body: {},
    url: '/users/login?',
    query: {}
  }
} (in logger.ts:18)
2022-01-02 15:32:37 <info> c6d54ed0-6b95-11ec-a098-d5ab2d298a78 {
  request: {
    method: 'GET',
    path: '/users/login/callback',
    cookie: undefined,
    body: {},
    url: '/users/login/callback?code=725015f3869f89c6c2b7d6f16235332a55d6408c5a813c0eee9a9cfa310eb5ec',
    query: {
      code: '725015f3869f89c6c2b7d6f16235332a55d6408c5a813c0eee9a9cfa310eb5ec'
    }
  }
} (in logger.ts:18)
2022-01-02 15:32:39 <info> c86f4fc0-6b95-11ec-a098-d5ab2d298a78 {
  request: {
    method: 'GET',
    path: '/users/regist',
    cookie: 'user=eyJhbGciOiJIUzI1NiIsInR5cCI6IkpXVCJ9.eyJ1c2VybmFtZSI6ImV1aG9uZyIsImlhdCI6MTY0MTEwNTE1OSwiZXhwIjoxNjQxNzA5OTU5fQ.QpF2OQOip9rDo_uEW7P2BMf8FJB5-6p6HAXOYBQDJp8',
    body: {},
    url: '/users/regist',
    query: {}
  }
} (in logger.ts:18)
2022-01-02 15:32:42 <info> c9e2b5e0-6b95-11ec-a098-d5ab2d298a78 {
  request: {
    method: 'POST',
    path: '/users/regist',
    cookie: 'user=eyJhbGciOiJIUzI1NiIsInR5cCI6IkpXVCJ9.eyJ1c2VybmFtZSI6ImV1aG9uZyIsImlhdCI6MTY0MTEwNTE1OSwiZXhwIjoxNjQxNzA5OTU5fQ.QpF2OQOip9rDo_uEW7P2BMf8FJB5-6p6HAXOYBQDJp8',
    body: [Object: null prototype] { card_num: 'sdfa' },
    url: '/users/regist',
    query: {}
  }
} (in logger.ts:18)
2022-01-02 15:32:43 <info> ca931a20-6b95-11ec-a098-d5ab2d298a78 {
  request: {
    method: 'GET',
    path: '/users/regist',
    cookie: 'user=eyJhbGciOiJIUzI1NiIsInR5cCI6IkpXVCJ9.eyJ1c2VybmFtZSI6ImV1aG9uZyIsImlhdCI6MTY0MTEwNTE1OSwiZXhwIjoxNjQxNzA5OTU5fQ.QpF2OQOip9rDo_uEW7P2BMf8FJB5-6p6HAXOYBQDJp8',
    body: {},
    url: '/users/regist',
    query: {}
  }
} (in logger.ts:18)
2022-01-02 15:34:14 <info> 00dfdbe0-6b96-11ec-a098-d5ab2d298a78 {
  request: {
    method: 'POST',
    path: '/users/regist',
    cookie: 'user=eyJhbGciOiJIUzI1NiIsInR5cCI6IkpXVCJ9.eyJ1c2VybmFtZSI6ImV1aG9uZyIsImlhdCI6MTY0MTEwNTE1OSwiZXhwIjoxNjQxNzA5OTU5fQ.QpF2OQOip9rDo_uEW7P2BMf8FJB5-6p6HAXOYBQDJp8',
    body: [Object: null prototype] { card_num: 'sad' },
    url: '/users/regist',
    query: {}
  }
} (in logger.ts:18)
2022-01-02 15:34:15 <info> 019b1590-6b96-11ec-a098-d5ab2d298a78 {
  request: {
    method: 'GET',
    path: '/users/regist',
    cookie: 'user=eyJhbGciOiJIUzI1NiIsInR5cCI6IkpXVCJ9.eyJ1c2VybmFtZSI6ImV1aG9uZyIsImlhdCI6MTY0MTEwNTE1OSwiZXhwIjoxNjQxNzA5OTU5fQ.QpF2OQOip9rDo_uEW7P2BMf8FJB5-6p6HAXOYBQDJp8',
    body: {},
    url: '/users/regist',
    query: {}
  }
} (in logger.ts:18)
2022-01-02 15:34:35 <info> 0d16b0a0-6b96-11ec-b934-3de94eebe730 {
  request: {
    method: 'POST',
    path: '/users/regist',
    cookie: 'user=eyJhbGciOiJIUzI1NiIsInR5cCI6IkpXVCJ9.eyJ1c2VybmFtZSI6ImV1aG9uZyIsImlhdCI6MTY0MTEwNTE1OSwiZXhwIjoxNjQxNzA5OTU5fQ.QpF2OQOip9rDo_uEW7P2BMf8FJB5-6p6HAXOYBQDJp8',
    body: [Object: null prototype] { card_num: 'asdasd' },
    url: '/users/regist',
    query: {}
  }
} (in logger.ts:18)
2022-01-02 15:34:45 <info> 1349e8c0-6b96-11ec-b934-3de94eebe730 {
  request: {
    method: 'GET',
    path: '/users/regist',
    cookie: 'user=eyJhbGciOiJIUzI1NiIsInR5cCI6IkpXVCJ9.eyJ1c2VybmFtZSI6ImV1aG9uZyIsImlhdCI6MTY0MTEwNTE1OSwiZXhwIjoxNjQxNzA5OTU5fQ.QpF2OQOip9rDo_uEW7P2BMf8FJB5-6p6HAXOYBQDJp8',
    body: {},
    url: '/users/regist',
    query: {}
  }
} (in logger.ts:18)
2022-01-02 15:34:46 <info> 1421d230-6b96-11ec-b934-3de94eebe730 {
  request: {
    method: 'POST',
    path: '/users/regist',
    cookie: 'user=eyJhbGciOiJIUzI1NiIsInR5cCI6IkpXVCJ9.eyJ1c2VybmFtZSI6ImV1aG9uZyIsImlhdCI6MTY0MTEwNTE1OSwiZXhwIjoxNjQxNzA5OTU5fQ.QpF2OQOip9rDo_uEW7P2BMf8FJB5-6p6HAXOYBQDJp8',
    body: [Object: null prototype] { card_num: 'wewq' },
    url: '/users/regist',
    query: {}
  }
} (in logger.ts:18)
2022-01-02 15:34:48 <info> 14d8ed30-6b96-11ec-b934-3de94eebe730 {
  request: {
    method: 'GET',
    path: '/users/regist',
    cookie: 'user=eyJhbGciOiJIUzI1NiIsInR5cCI6IkpXVCJ9.eyJ1c2VybmFtZSI6ImV1aG9uZyIsImlhdCI6MTY0MTEwNTE1OSwiZXhwIjoxNjQxNzA5OTU5fQ.QpF2OQOip9rDo_uEW7P2BMf8FJB5-6p6HAXOYBQDJp8',
    body: {},
    url: '/users/regist',
    query: {}
  }
} (in logger.ts:18)
2022-01-02 15:35:55 <info> 3d4a03d0-6b96-11ec-aa06-5785307d5f02 {
  request: {
    method: 'POST',
    path: '/users/regist',
    cookie: 'user=eyJhbGciOiJIUzI1NiIsInR5cCI6IkpXVCJ9.eyJ1c2VybmFtZSI6ImV1aG9uZyIsImlhdCI6MTY0MTEwNTE1OSwiZXhwIjoxNjQxNzA5OTU5fQ.QpF2OQOip9rDo_uEW7P2BMf8FJB5-6p6HAXOYBQDJp8',
    body: [Object: null prototype] { card_num: 'sdfasf' },
    url: '/users/regist',
    query: {}
  }
} (in logger.ts:18)
2022-01-02 15:35:56 <info> 3de9ed50-6b96-11ec-aa06-5785307d5f02 {
  request: {
    method: 'GET',
    path: '/users/regist',
    cookie: 'user=eyJhbGciOiJIUzI1NiIsInR5cCI6IkpXVCJ9.eyJ1c2VybmFtZSI6ImV1aG9uZyIsImlhdCI6MTY0MTEwNTE1OSwiZXhwIjoxNjQxNzA5OTU5fQ.QpF2OQOip9rDo_uEW7P2BMf8FJB5-6p6HAXOYBQDJp8',
    body: {},
    url: '/users/regist',
    query: {}
  }
} (in logger.ts:18)
2022-01-02 15:35:59 <info> 3f904a50-6b96-11ec-aa06-5785307d5f02 {
  request: {
    method: 'POST',
    path: '/users/regist',
    cookie: 'user=eyJhbGciOiJIUzI1NiIsInR5cCI6IkpXVCJ9.eyJ1c2VybmFtZSI6ImV1aG9uZyIsImlhdCI6MTY0MTEwNTE1OSwiZXhwIjoxNjQxNzA5OTU5fQ.QpF2OQOip9rDo_uEW7P2BMf8FJB5-6p6HAXOYBQDJp8',
    body: [Object: null prototype] { card_num: 'q2eq' },
    url: '/users/regist',
    query: {}
  }
} (in logger.ts:18)
2022-01-02 15:36:00 <info> 402ab590-6b96-11ec-aa06-5785307d5f02 {
  request: {
    method: 'GET',
    path: '/users/regist',
    cookie: 'user=eyJhbGciOiJIUzI1NiIsInR5cCI6IkpXVCJ9.eyJ1c2VybmFtZSI6ImV1aG9uZyIsImlhdCI6MTY0MTEwNTE1OSwiZXhwIjoxNjQxNzA5OTU5fQ.QpF2OQOip9rDo_uEW7P2BMf8FJB5-6p6HAXOYBQDJp8',
    body: {},
    url: '/users/regist',
    query: {}
  }
} (in logger.ts:18)
2022-01-02 15:36:03 <info> 41bd1560-6b96-11ec-aa06-5785307d5f02 {
  request: {
    method: 'POST',
    path: '/users/regist',
    cookie: 'user=eyJhbGciOiJIUzI1NiIsInR5cCI6IkpXVCJ9.eyJ1c2VybmFtZSI6ImV1aG9uZyIsImlhdCI6MTY0MTEwNTE1OSwiZXhwIjoxNjQxNzA5OTU5fQ.QpF2OQOip9rDo_uEW7P2BMf8FJB5-6p6HAXOYBQDJp8',
    body: [Object: null prototype] { card_num: '!' },
    url: '/users/regist',
    query: {}
  }
} (in logger.ts:18)
2022-01-02 15:36:04 <info> 42435c60-6b96-11ec-aa06-5785307d5f02 {
  request: {
    method: 'GET',
    path: '/users/regist',
    cookie: 'user=eyJhbGciOiJIUzI1NiIsInR5cCI6IkpXVCJ9.eyJ1c2VybmFtZSI6ImV1aG9uZyIsImlhdCI6MTY0MTEwNTE1OSwiZXhwIjoxNjQxNzA5OTU5fQ.QpF2OQOip9rDo_uEW7P2BMf8FJB5-6p6HAXOYBQDJp8',
    body: {},
    url: '/users/regist',
    query: {}
  }
} (in logger.ts:18)
2022-01-02 15:36:07 <info> 440aaee0-6b96-11ec-aa06-5785307d5f02 {
  request: {
    method: 'POST',
    path: '/users/regist',
    cookie: 'user=eyJhbGciOiJIUzI1NiIsInR5cCI6IkpXVCJ9.eyJ1c2VybmFtZSI6ImV1aG9uZyIsImlhdCI6MTY0MTEwNTE1OSwiZXhwIjoxNjQxNzA5OTU5fQ.QpF2OQOip9rDo_uEW7P2BMf8FJB5-6p6HAXOYBQDJp8',
    body: [Object: null prototype] { card_num: '-232' },
    url: '/users/regist',
    query: {}
  }
} (in logger.ts:18)
2022-01-02 15:36:07 <info> 447cd1a0-6b96-11ec-aa06-5785307d5f02 {
  request: {
    method: 'GET',
    path: '/users/regist',
    cookie: 'user=eyJhbGciOiJIUzI1NiIsInR5cCI6IkpXVCJ9.eyJ1c2VybmFtZSI6ImV1aG9uZyIsImlhdCI6MTY0MTEwNTE1OSwiZXhwIjoxNjQxNzA5OTU5fQ.QpF2OQOip9rDo_uEW7P2BMf8FJB5-6p6HAXOYBQDJp8',
    body: {},
    url: '/users/regist',
    query: {}
  }
} (in logger.ts:18)
2022-01-02 15:39:30 <info> bd18fa80-6b96-11ec-bbbe-df0f82757c07 {
  request: {
    method: 'GET',
    path: '/users',
    cookie: 'user=eyJhbGciOiJIUzI1NiIsInR5cCI6IkpXVCJ9.eyJ1c2VybmFtZSI6ImV1aG9uZyIsImlhdCI6MTY0MTEwNTE1OSwiZXhwIjoxNjQxNzA5OTU5fQ.QpF2OQOip9rDo_uEW7P2BMf8FJB5-6p6HAXOYBQDJp8',
    body: {},
    url: '/users',
    query: {}
  }
} (in logger.ts:18)
2022-01-02 15:39:40 <info> c365fc30-6b96-11ec-bbbe-df0f82757c07 {
  request: {
    method: 'GET',
    path: '/users',
    cookie: 'user=eyJhbGciOiJIUzI1NiIsInR5cCI6IkpXVCJ9.eyJ1c2VybmFtZSI6ImV1aG9uZyIsImlhdCI6MTY0MTEwNTE1OSwiZXhwIjoxNjQxNzA5OTU5fQ.QpF2OQOip9rDo_uEW7P2BMf8FJB5-6p6HAXOYBQDJp8',
    body: {},
    url: '/users',
    query: {}
  }
} (in logger.ts:18)
2022-01-02 15:39:57 <info> cd0f2130-6b96-11ec-bbbe-df0f82757c07 {
  request: {
    method: 'GET',
    path: '/users',
    cookie: 'user=eyJhbGciOiJIUzI1NiIsInR5cCI6IkpXVCJ9.eyJ1c2VybmFtZSI6ImV1aG9uZyIsImlhdCI6MTY0MTEwNTE1OSwiZXhwIjoxNjQxNzA5OTU5fQ.QpF2OQOip9rDo_uEW7P2BMf8FJB5-6p6HAXOYBQDJp8',
    body: {},
    url: '/users',
    query: {}
  }
} (in logger.ts:18)
2022-01-02 15:42:00 <info> 16bfe030-6b97-11ec-bbbe-df0f82757c07 {
  request: {
    method: 'GET',
    path: '/users',
    cookie: 'user=eyJhbGciOiJIUzI1NiIsInR5cCI6IkpXVCJ9.eyJ1c2VybmFtZSI6ImV1aG9uZyIsImlhdCI6MTY0MTEwNTE1OSwiZXhwIjoxNjQxNzA5OTU5fQ.QpF2OQOip9rDo_uEW7P2BMf8FJB5-6p6HAXOYBQDJp8',
    body: {},
    url: '/users',
    query: {}
  }
} (in logger.ts:18)
2022-01-02 15:42:01 <info> 175c9560-6b97-11ec-bbbe-df0f82757c07 {
  request: {
    method: 'GET',
    path: '/users',
    cookie: 'user=eyJhbGciOiJIUzI1NiIsInR5cCI6IkpXVCJ9.eyJ1c2VybmFtZSI6ImV1aG9uZyIsImlhdCI6MTY0MTEwNTE1OSwiZXhwIjoxNjQxNzA5OTU5fQ.QpF2OQOip9rDo_uEW7P2BMf8FJB5-6p6HAXOYBQDJp8',
    body: {},
    url: '/users',
    query: {}
  }
} (in logger.ts:18)
2022-01-02 15:42:09 <info> 1bbb82b0-6b97-11ec-bbbe-df0f82757c07 {
  request: {
    method: 'GET',
    path: '/users',
    cookie: 'user=eyJhbGciOiJIUzI1NiIsInR5cCI6IkpXVCJ9.eyJ1c2VybmFtZSI6ImV1aG9uZyIsImlhdCI6MTY0MTEwNTE1OSwiZXhwIjoxNjQxNzA5OTU5fQ.QpF2OQOip9rDo_uEW7P2BMf8FJB5-6p6HAXOYBQDJp8',
    body: {},
    url: '/users',
    query: {}
  }
} (in logger.ts:18)
2022-01-02 15:42:36 <info> 2c492e70-6b97-11ec-b454-3d34d2ed5cf6 {
  request: {
    method: 'GET',
    path: '/users',
    cookie: 'user=eyJhbGciOiJIUzI1NiIsInR5cCI6IkpXVCJ9.eyJ1c2VybmFtZSI6ImV1aG9uZyIsImlhdCI6MTY0MTEwNTE1OSwiZXhwIjoxNjQxNzA5OTU5fQ.QpF2OQOip9rDo_uEW7P2BMf8FJB5-6p6HAXOYBQDJp8',
    body: {},
    url: '/users',
    query: {}
  }
} (in logger.ts:18)
2022-01-02 15:43:01 <info> 3b20c5c0-6b97-11ec-aaf2-535d150ab443 {
  request: {
    method: 'GET',
    path: '/users',
    cookie: undefined,
    body: {},
    url: '/users',
    query: {}
  }
} (in logger.ts:18)
2022-01-02 15:43:04 <info> 3cc267d0-6b97-11ec-aaf2-535d150ab443 {
  request: {
    method: 'GET',
    path: '/users/login',
    cookie: undefined,
    body: {},
    url: '/users/login?',
    query: {}
  }
} (in logger.ts:18)
2022-01-02 15:43:05 <info> 3d47c470-6b97-11ec-aaf2-535d150ab443 {
  request: {
    method: 'GET',
    path: '/users/login/callback',
    cookie: undefined,
    body: {},
    url: '/users/login/callback?code=0a6997788ddc587f0ea59ea96b310be2987c041597dd29b4b75cbf5b7bcbfdf7',
    query: {
      code: '0a6997788ddc587f0ea59ea96b310be2987c041597dd29b4b75cbf5b7bcbfdf7'
    }
  }
} (in logger.ts:18)
2022-01-02 15:43:08 <info> 3ee288b0-6b97-11ec-aaf2-535d150ab443 {
  request: {
    method: 'GET',
    path: '/users/regist',
    cookie: 'user=eyJhbGciOiJIUzI1NiIsInR5cCI6IkpXVCJ9.eyJ1c2VybmFtZSI6ImV1aG9uZyIsImlhdCI6MTY0MTEwNTc4OCwiZXhwIjoxNjQxNzEwNTg4fQ.vlTqvUaz278dpcD6PDcinDgNSNzRKjQCEbE7bflrOxo',
    body: {},
    url: '/users/regist',
    query: {}
  }
} (in logger.ts:18)
2022-01-02 15:43:11 <info> 41198cf0-6b97-11ec-aaf2-535d150ab443 {
  request: {
    method: 'POST',
    path: '/users/regist',
    cookie: 'user=eyJhbGciOiJIUzI1NiIsInR5cCI6IkpXVCJ9.eyJ1c2VybmFtZSI6ImV1aG9uZyIsImlhdCI6MTY0MTEwNTc4OCwiZXhwIjoxNjQxNzEwNTg4fQ.vlTqvUaz278dpcD6PDcinDgNSNzRKjQCEbE7bflrOxo',
    body: [Object: null prototype] { card_num: '10' },
    url: '/users/regist',
    query: {}
  }
} (in logger.ts:18)
2022-01-02 15:43:12 <info> 41cb29b0-6b97-11ec-aaf2-535d150ab443 {
  request: {
    method: 'GET',
    path: '/users/regist',
    cookie: 'user=eyJhbGciOiJIUzI1NiIsInR5cCI6IkpXVCJ9.eyJ1c2VybmFtZSI6ImV1aG9uZyIsImlhdCI6MTY0MTEwNTc4OCwiZXhwIjoxNjQxNzEwNTg4fQ.vlTqvUaz278dpcD6PDcinDgNSNzRKjQCEbE7bflrOxo',
    body: {},
    url: '/users/regist',
    query: {}
  }
} (in logger.ts:18)
2022-01-02 15:43:17 <info> 44982c60-6b97-11ec-aaf2-535d150ab443 {
  request: {
    method: 'POST',
    path: '/users/regist',
    cookie: 'user=eyJhbGciOiJIUzI1NiIsInR5cCI6IkpXVCJ9.eyJ1c2VybmFtZSI6ImV1aG9uZyIsImlhdCI6MTY0MTEwNTc4OCwiZXhwIjoxNjQxNzEwNTg4fQ.vlTqvUaz278dpcD6PDcinDgNSNzRKjQCEbE7bflrOxo',
    body: [Object: null prototype] { card_num: '132' },
    url: '/users/regist',
    query: {}
  }
} (in logger.ts:18)
2022-01-02 15:43:18 <info> 45520680-6b97-11ec-aaf2-535d150ab443 {
  request: {
    method: 'GET',
    path: '/users/regist',
    cookie: 'user=eyJhbGciOiJIUzI1NiIsInR5cCI6IkpXVCJ9.eyJ1c2VybmFtZSI6ImV1aG9uZyIsImlhdCI6MTY0MTEwNTc4OCwiZXhwIjoxNjQxNzEwNTg4fQ.vlTqvUaz278dpcD6PDcinDgNSNzRKjQCEbE7bflrOxo',
    body: {},
    url: '/users/regist',
    query: {}
  }
} (in logger.ts:18)
2022-01-02 15:43:37 <info> 50adbd80-6b97-11ec-b07e-5f9b23c1ae24 {
  request: {
    method: 'POST',
    path: '/users/regist',
    cookie: 'user=eyJhbGciOiJIUzI1NiIsInR5cCI6IkpXVCJ9.eyJ1c2VybmFtZSI6ImV1aG9uZyIsImlhdCI6MTY0MTEwNTc4OCwiZXhwIjoxNjQxNzEwNTg4fQ.vlTqvUaz278dpcD6PDcinDgNSNzRKjQCEbE7bflrOxo',
    body: [Object: null prototype] { card_num: 'sdfsd' },
    url: '/users/regist',
    query: {}
  }
} (in logger.ts:18)
2022-01-02 15:43:39 <info> 5156a7b0-6b97-11ec-b07e-5f9b23c1ae24 {
  request: {
    method: 'GET',
    path: '/users/regist',
    cookie: 'user=eyJhbGciOiJIUzI1NiIsInR5cCI6IkpXVCJ9.eyJ1c2VybmFtZSI6ImV1aG9uZyIsImlhdCI6MTY0MTEwNTc4OCwiZXhwIjoxNjQxNzEwNTg4fQ.vlTqvUaz278dpcD6PDcinDgNSNzRKjQCEbE7bflrOxo',
    body: {},
    url: '/users/regist',
    query: {}
  }
} (in logger.ts:18)
2022-01-02 15:43:40 <info> 520de9c0-6b97-11ec-b07e-5f9b23c1ae24 {
  request: {
    method: 'POST',
    path: '/users/regist',
    cookie: 'user=eyJhbGciOiJIUzI1NiIsInR5cCI6IkpXVCJ9.eyJ1c2VybmFtZSI6ImV1aG9uZyIsImlhdCI6MTY0MTEwNTc4OCwiZXhwIjoxNjQxNzEwNTg4fQ.vlTqvUaz278dpcD6PDcinDgNSNzRKjQCEbE7bflrOxo',
    body: [Object: null prototype] { card_num: '132' },
    url: '/users/regist',
    query: {}
  }
} (in logger.ts:18)
2022-01-02 15:43:41 <info> 52b85a90-6b97-11ec-b07e-5f9b23c1ae24 {
  request: {
    method: 'GET',
    path: '/users/regist',
    cookie: 'user=eyJhbGciOiJIUzI1NiIsInR5cCI6IkpXVCJ9.eyJ1c2VybmFtZSI6ImV1aG9uZyIsImlhdCI6MTY0MTEwNTc4OCwiZXhwIjoxNjQxNzEwNTg4fQ.vlTqvUaz278dpcD6PDcinDgNSNzRKjQCEbE7bflrOxo',
    body: {},
    url: '/users/regist',
    query: {}
  }
} (in logger.ts:18)
2022-01-02 15:43:55 <info> 5b091b80-6b97-11ec-b07e-5f9b23c1ae24 {
  request: {
    method: 'POST',
    path: '/users/regist',
    cookie: 'user=eyJhbGciOiJIUzI1NiIsInR5cCI6IkpXVCJ9.eyJ1c2VybmFtZSI6ImV1aG9uZyIsImlhdCI6MTY0MTEwNTc4OCwiZXhwIjoxNjQxNzEwNTg4fQ.vlTqvUaz278dpcD6PDcinDgNSNzRKjQCEbE7bflrOxo',
    body: [Object: null prototype] { card_num: '1' },
    url: '/users/regist',
    query: {}
  }
} (in logger.ts:18)
2022-01-02 15:43:56 <info> 5ba115c0-6b97-11ec-b07e-5f9b23c1ae24 {
  request: {
    method: 'GET',
    path: '/users/regist',
    cookie: 'user=eyJhbGciOiJIUzI1NiIsInR5cCI6IkpXVCJ9.eyJ1c2VybmFtZSI6ImV1aG9uZyIsImlhdCI6MTY0MTEwNTc4OCwiZXhwIjoxNjQxNzEwNTg4fQ.vlTqvUaz278dpcD6PDcinDgNSNzRKjQCEbE7bflrOxo',
    body: {},
    url: '/users/regist',
    query: {}
  }
} (in logger.ts:18)
2022-01-02 15:45:49 <info> 9f230970-6b97-11ec-b142-b59904e3cf85 {
  request: {
    method: 'POST',
    path: '/users/regist',
    cookie: 'user=eyJhbGciOiJIUzI1NiIsInR5cCI6IkpXVCJ9.eyJ1c2VybmFtZSI6ImV1aG9uZyIsImlhdCI6MTY0MTEwNTc4OCwiZXhwIjoxNjQxNzEwNTg4fQ.vlTqvUaz278dpcD6PDcinDgNSNzRKjQCEbE7bflrOxo',
    body: [Object: null prototype] { card_num: 'sdfa' },
    url: '/users/regist',
    query: {}
  }
} (in logger.ts:18)
2022-01-02 15:45:51 <info> a02a6750-6b97-11ec-b142-b59904e3cf85 {
  request: {
    method: 'GET',
    path: '/users/regist',
    cookie: 'user=eyJhbGciOiJIUzI1NiIsInR5cCI6IkpXVCJ9.eyJ1c2VybmFtZSI6ImV1aG9uZyIsImlhdCI6MTY0MTEwNTc4OCwiZXhwIjoxNjQxNzEwNTg4fQ.vlTqvUaz278dpcD6PDcinDgNSNzRKjQCEbE7bflrOxo',
    body: {},
    url: '/users/regist',
    query: {}
  }
} (in logger.ts:18)
2022-01-02 15:46:00 <info> a59e9530-6b97-11ec-b142-b59904e3cf85 {
  request: {
    method: 'POST',
    path: '/users/regist',
    cookie: 'user=eyJhbGciOiJIUzI1NiIsInR5cCI6IkpXVCJ9.eyJ1c2VybmFtZSI6ImV1aG9uZyIsImlhdCI6MTY0MTEwNTc4OCwiZXhwIjoxNjQxNzEwNTg4fQ.vlTqvUaz278dpcD6PDcinDgNSNzRKjQCEbE7bflrOxo',
    body: [Object: null prototype] { card_num: '123' },
    url: '/users/regist',
    query: {}
  }
} (in logger.ts:18)
2022-01-02 15:46:02 <info> a6de8f40-6b97-11ec-b142-b59904e3cf85 {
  request: {
    method: 'GET',
    path: '/users/regist',
    cookie: 'user=eyJhbGciOiJIUzI1NiIsInR5cCI6IkpXVCJ9.eyJ1c2VybmFtZSI6ImV1aG9uZyIsImlhdCI6MTY0MTEwNTc4OCwiZXhwIjoxNjQxNzEwNTg4fQ.vlTqvUaz278dpcD6PDcinDgNSNzRKjQCEbE7bflrOxo',
    body: {},
    url: '/users/regist',
    query: {}
  }
} (in logger.ts:18)
